Log file open, 03/12/18 16:08:27
LogWindows: LoadLibraryWithSearchPaths failed for file aqProf.dll. GetLastError=0
LogWindows: LoadLibraryWithSearchPaths failed for file VSPerf140.dll. GetLastError=0
LogWindows: LoadLibraryWithSearchPaths failed for file VtuneApi.dll. GetLastError=0
LogWindows: LoadLibraryWithSearchPaths failed for file VtuneApi32e.dll. GetLastError=0
LogInit: Display: Running engine for game: BraquageDeOuf
LogPlatformFile: Not using cached read wrapper
LogInit: Display: RandInit(337069297) SRandInit(337069297).
LogTaskGraph: Started task graph with 5 named threads and 14 total threads with 3 sets of task threads.
LogStats: Stats thread started at 0.159954
LogD3D11RHI: Aftermath initialized
LogPluginManager: Mounting plugin Paper2D
LogPluginManager: Mounting plugin LightPropagationVolume
LogPluginManager: Mounting plugin CodeLiteSourceCodeAccess
LogPluginManager: Mounting plugin GitSourceControl
LogPluginManager: Mounting plugin KDevelopSourceCodeAccess
LogPluginManager: Mounting plugin NullSourceCodeAccess
LogPluginManager: Mounting plugin PerforceSourceControl
LogPluginManager: Mounting plugin SubversionSourceControl
LogPluginManager: Mounting plugin UObjectPlugin
LogPluginManager: Mounting plugin VisualStudioSourceCodeAccess
LogPluginManager: Mounting plugin XCodeSourceCodeAccess
LogPluginManager: Mounting plugin AssetManagerEditor
LogPluginManager: Mounting plugin AudioCapture
LogPluginManager: Mounting plugin FacialAnimation
LogPluginManager: Mounting plugin GameplayTagsEditor
LogPluginManager: Mounting plugin MobileLauncherProfileWizard
LogPluginManager: Mounting plugin PluginBrowser
LogPluginManager: Mounting plugin SpeedTreeImporter
LogPluginManager: Mounting plugin AlembicImporter
LogPluginManager: Mounting plugin CharacterAI
LogPluginManager: Mounting plugin HTML5Networking
LogPluginManager: Mounting plugin AndroidMedia
LogPluginManager: Mounting plugin AvfMedia
LogPluginManager: Mounting plugin MediaPlayerEditor
LogPluginManager: Mounting plugin WmfMedia
LogPluginManager: Mounting plugin TcpMessaging
LogPluginManager: Mounting plugin UdpMessaging
LogPluginManager: Mounting plugin LevelSequenceEditor
LogPluginManager: Mounting plugin MatineeToLevelSequence
LogPluginManager: Mounting plugin OnlineSubsystemGooglePlay
LogPluginManager: Mounting plugin OnlineSubsystemIOS
LogPluginManager: Mounting plugin OnlineSubsystem
LogPluginManager: Mounting plugin OnlineSubsystemNull
LogPluginManager: Mounting plugin OnlineSubsystemUtils
LogPluginManager: Mounting plugin AndroidDeviceProfileSelector
LogPluginManager: Mounting plugin AndroidMoviePlayer
LogPluginManager: Mounting plugin AndroidPermission
LogPluginManager: Mounting plugin AppleMoviePlayer
LogPluginManager: Mounting plugin ArchVisCharacter
LogPluginManager: Mounting plugin CableComponent
LogPluginManager: Mounting plugin CustomMeshComponent
LogPluginManager: Mounting plugin ExampleDeviceProfileSelector
LogPluginManager: Mounting plugin GoogleCloudMessaging
LogPluginManager: Mounting plugin ImmediatePhysics
LogPluginManager: Mounting plugin IOSDeviceProfileSelector
LogPluginManager: Mounting plugin LinuxDeviceProfileSelector
LogPluginManager: Mounting plugin LocationServicesBPLibrary
LogPluginManager: Mounting plugin MobilePatchingUtils
LogPluginManager: Mounting plugin OculusVR
LogPluginManager: Mounting plugin PhysXVehicles
LogPluginManager: Mounting plugin ProceduralMeshComponent
LogPluginManager: Mounting plugin RuntimePhysXCooking
LogPluginManager: Mounting plugin SteamVR
LogPluginManager: Mounting plugin WindowsMoviePlayer
LogInit: Using libcurl 7.47.1
LogInit:  - built for x86_64-pc-win32
LogInit:  - supports SSL with OpenSSL/1.0.2g
LogInit:  - supports HTTP deflate (compression) using libz 1.2.8
LogInit:  - other features:
LogInit:      CURL_VERSION_SSL
LogInit:      CURL_VERSION_LIBZ
LogInit:      CURL_VERSION_IPV6
LogInit:      CURL_VERSION_ASYNCHDNS
LogInit:      CURL_VERSION_LARGEFILE
LogInit:      CURL_VERSION_IDN
LogInit:  CurlRequestOptions (configurable via config and command line):
LogInit:  - bVerifyPeer = false  - Libcurl will NOT verify peer certificate
LogInit:  - bUseHttpProxy = false  - Libcurl will NOT use HTTP proxy
LogInit:  - bDontReuseConnections = false  - Libcurl will reuse connections
LogInit:  - CertBundlePath = nullptr  - Libcurl will use whatever was configured at build time.
LogInit: Build: ++UE4+Release-4.17-CL-3573198
LogInit: Engine Version: 4.17.0-3573198+++UE4+Release-4.17
LogInit: Compatible Engine Version: 4.17.0-3573198+++UE4+Release-4.17
LogInit: Net CL: 3573198
LogDevObjectVersion: Number of dev versions registered: 16
LogDevObjectVersion:   Dev-Blueprints (B0D832E4-1F89-4F0D-ACCF-7EB736FD4AA2): 10
LogDevObjectVersion:   Dev-Build (E1C64328-A22C-4D53-A36C-8E866417BD8C): 0
LogDevObjectVersion:   Dev-Core (375EC13C-06E4-48FB-B500-84F0262A717E): 2
LogDevObjectVersion:   Dev-Editor (E4B068ED-F494-42E9-A231-DA0B2E46BB41): 20
LogDevObjectVersion:   Dev-Framework (CFFC743F-43B0-4480-9391-14DF171D2073): 28
LogDevObjectVersion:   Dev-Mobile (B02B49B5-BB20-44E9-A304-32B752E40360): 0
LogDevObjectVersion:   Dev-Networking (A4E4105C-59A1-49B5-A7C5-40C4547EDFEE): 0
LogDevObjectVersion:   Dev-Online (39C831C9-5AE6-47DC-9A44-9C173E1C8E7C): 0
LogDevObjectVersion:   Dev-Physics (78F01B33-EBEA-4F98-B9B4-84EACCB95AA2): 0
LogDevObjectVersion:   Dev-Platform (6631380F-2D4D-43E0-8009-CF276956A95A): 0
LogDevObjectVersion:   Dev-Rendering (12F88B9F-8875-4AFC-A67C-D90C383ABD29): 19
LogDevObjectVersion:   Dev-Sequencer (7B5AE74C-D270-4C10-A958-57980B212A5A): 4
LogDevObjectVersion:   Dev-VR (D7296918-1DD6-4BDD-9DE2-64A83CC13884): 0
LogDevObjectVersion:   Dev-LoadTimes (C2A15278-BFE7-4AFE-6C17-90FF531DF755): 1
LogDevObjectVersion:   Private-Geometry (6EACA3D4-40EC-4CC1-B786-8BED09428FC5): 1
LogDevObjectVersion:   Dev-AnimPhys (29E575DD-E0A3-4627-9D10-D276232CDCEA): 7
LogInit: Compiled (64-bit): Aug  4 2017 16:30:33
LogInit: Compiled with Visual C++: 19.00.24215.01
LogInit: Build Configuration: Development
LogInit: Branch Name: ++UE4+Release-4.17
LogInit: Command line: 
LogInit: Base directory: C:/UE4/UnrealProjects/UE_4.17/Engine/Binaries/Win64/
LogInit: Installed Engine Build: 1
LogInit: Presizing for max 8388607 objects, including 0 objects not considered by GC, pre-allocating 0 bytes for permanent pool.
LogInit: Object subsystem initialized
[2018.03.12-15.08.28:197][  0]LogInit: Selected Device Profile: [Windows]
[2018.03.12-15.08.28:197][  0]LogInit: Applying CVar settings loaded from the selected device profile: [Windows]
[2018.03.12-15.08.28:207][  0]LogInit: Computer: K104-0146
[2018.03.12-15.08.28:207][  0]LogInit: User: evantorre
[2018.03.12-15.08.28:207][  0]LogInit: CPU Page size=4096, Cores=4
[2018.03.12-15.08.28:207][  0]LogInit: High frequency timer resolution =3.903993 MHz
[2018.03.12-15.08.28:208][  0]LogMemory: Memory total: Physical=15.9GB (16GB approx)
[2018.03.12-15.08.28:208][  0]LogMemory: Platform Memory Stats for Windows
[2018.03.12-15.08.28:208][  0]LogMemory: Process Physical Memory: 279.54 MB used, 279.54 MB peak
[2018.03.12-15.08.28:208][  0]LogMemory: Process Virtual Memory: 282.21 MB used, 282.21 MB peak
[2018.03.12-15.08.28:208][  0]LogMemory: Physical Memory: 7296.19 MB used,  9030.39 MB free, 16326.59 MB total
[2018.03.12-15.08.28:208][  0]LogMemory: Virtual Memory: 714.61 MB used,  9030.39 MB free, 134217728.00 MB total
[2018.03.12-15.08.28:345][  0]LogInit: Using OS detected language (fr-FR).
[2018.03.12-15.08.28:345][  0]LogInit: Using OS detected locale (fr-FR).
[2018.03.12-15.08.28:347][  0]LogTextLocalizationManager: No localization for 'fr-FR' exists, so 'en' will be used for the language.
[2018.03.12-15.08.28:348][  0]LogTextLocalizationManager: No localization for 'fr-FR' exists, so 'en' will be used for the locale.
[2018.03.12-15.08.28:945][  0]LogD3D11RHI: D3D11 adapters:
[2018.03.12-15.08.28:986][  0]LogD3D11RHI:    0. 'NVIDIA GeForce GTX 960' (Feature Level 11_0)
[2018.03.12-15.08.28:986][  0]LogD3D11RHI:       2016/0/8163 MB DedicatedVideo/DedicatedSystem/SharedSystem, Outputs:1, VendorId:0x10de
[2018.03.12-15.08.28:988][  0]LogD3D11RHI:    1. 'Microsoft Basic Render Driver' (Feature Level 11_0)
[2018.03.12-15.08.28:988][  0]LogD3D11RHI:       0/0/8163 MB DedicatedVideo/DedicatedSystem/SharedSystem, Outputs:0, VendorId:0x1414
[2018.03.12-15.08.28:988][  0]LogD3D11RHI: Chosen D3D11 Adapter: 0
[2018.03.12-15.08.28:995][  0]LogD3D11RHI: Creating new Direct3DDevice
[2018.03.12-15.08.28:995][  0]LogD3D11RHI:     GPU DeviceId: 0x1401 (for the marketing name, search the web for "GPU Device Id")
[2018.03.12-15.08.28:995][  0]LogWindows: EnumDisplayDevices:
[2018.03.12-15.08.28:996][  0]LogWindows:    0. 'NVIDIA GeForce GTX 960' (P:1 D:1)
[2018.03.12-15.08.28:996][  0]LogWindows:    1. 'NVIDIA GeForce GTX 960' (P:0 D:0)
[2018.03.12-15.08.28:996][  0]LogWindows:    2. 'NVIDIA GeForce GTX 960' (P:0 D:0)
[2018.03.12-15.08.28:996][  0]LogWindows:    3. 'NVIDIA GeForce GTX 960' (P:0 D:0)
[2018.03.12-15.08.28:996][  0]LogWindows: DebugString: GetVideoDriverDetailsInvalid PrimaryIsNotTheChoosenAdapter GetVideoDriverDetailsInvalid PrimaryIsNotTheChoosenAdapter GetVideoDriverDetailsInvalid PrimaryIsNotTheChoosenAdapter GetVideoDriverDetailsInvalid PrimaryIsNotTheChoosenAdapter FoundDriverCount:0 
[2018.03.12-15.08.28:996][  0]LogD3D11RHI:     Adapter Name: NVIDIA GeForce GTX 960
[2018.03.12-15.08.28:996][  0]LogD3D11RHI:   Driver Version: Unknown (internal:Unknown, unified:Unknown)
[2018.03.12-15.08.28:996][  0]LogD3D11RHI:      Driver Date: Unknown
[2018.03.12-15.08.28:996][  0]LogRHI: Texture pool is 1361 MB (70% of 1945 MB)
[2018.03.12-15.08.29:021][  0]LogD3D11RHI: Async texture creation enabled
[2018.03.12-15.08.29:035][  0]LogD3D11RHI: GPU Timing Frequency: 1000.000000 (Debug: 2 1)
[2018.03.12-15.08.29:038][  0]LogShaderCompilers: Guid format shader working directory is -12 characters bigger than the processId version (../../../../../../Users/e.vantorre/Desktop/Unreal/BraquageDeOuf/Intermediate/Shaders/WorkingDirectory/1580/).
[2018.03.12-15.08.29:038][  0]LogShaderCompilers: Cleaned the shader compiler working directory 'C:/Users/e.vantorre/AppData/Local/Temp/UnrealShaderWorkingDir/55FD516242DBB4CC5D4DB09DA614905A/'.
[2018.03.12-15.08.29:038][  0]LogShaderCompilers: Display: Using Local Shader Compiler.
[2018.03.12-15.08.30:069][  0]LogTemp: Display: Loaded TP AllDesktopTargetPlatform
[2018.03.12-15.08.30:118][  0]LogTemp: Display: Loaded TP MacClientTargetPlatform
[2018.03.12-15.08.30:166][  0]LogTemp: Display: Loaded TP MacNoEditorTargetPlatform
[2018.03.12-15.08.30:224][  0]LogTemp: Display: Loaded TP MacServerTargetPlatform
[2018.03.12-15.08.30:272][  0]LogTemp: Display: Loaded TP MacTargetPlatform
[2018.03.12-15.08.30:319][  0]LogTemp: Display: Loaded TP WindowsClientTargetPlatform
[2018.03.12-15.08.30:366][  0]LogTemp: Display: Loaded TP WindowsNoEditorTargetPlatform
[2018.03.12-15.08.30:409][  0]LogTemp: Display: Loaded TP WindowsServerTargetPlatform
[2018.03.12-15.08.30:445][  0]LogTemp: Display: Loaded TP WindowsTargetPlatform
[2018.03.12-15.08.30:487][  0]LogTemp: Display: Loaded TP AndroidTargetPlatform
[2018.03.12-15.08.30:526][  0]LogTemp: Display: Loaded TP Android_ASTCTargetPlatform
[2018.03.12-15.08.30:567][  0]LogTemp: Display: Loaded TP Android_ATCTargetPlatform
[2018.03.12-15.08.30:607][  0]LogTemp: Display: Loaded TP Android_DXTTargetPlatform
[2018.03.12-15.08.30:648][  0]LogTemp: Display: Loaded TP Android_ETC1TargetPlatform
[2018.03.12-15.08.30:689][  0]LogTemp: Display: Loaded TP Android_ETC2TargetPlatform
[2018.03.12-15.08.30:772][  0]LogTemp: Display: Loaded TP Android_MultiTargetPlatform
[2018.03.12-15.08.30:772][  0]LogTemp: Display: Loaded TP Android_PVRTCTargetPlatform
[2018.03.12-15.08.30:805][  0]LogTemp: Display: Loaded TP HTML5TargetPlatform
[2018.03.12-15.08.30:884][  0]LogTemp: Display: Loaded TP IOSTargetPlatform
[2018.03.12-15.08.30:908][  0]LogTemp: Display: Loaded TP TVOSTargetPlatform
[2018.03.12-15.08.30:949][  0]LogTemp: Display: Loaded TP LinuxClientTargetPlatform
[2018.03.12-15.08.30:991][  0]LogTemp: Display: Loaded TP LinuxNoEditorTargetPlatform
[2018.03.12-15.08.31:033][  0]LogTemp: Display: Loaded TP LinuxServerTargetPlatform
[2018.03.12-15.08.31:074][  0]LogTemp: Display: Loaded TP LinuxTargetPlatform
[2018.03.12-15.08.31:074][  0]LogTargetPlatformManager: Display: Building Assets For Windows
[2018.03.12-15.08.31:479][  0]LogDerivedDataCache: Display: Max Cache Size: 512 MB
[2018.03.12-15.08.31:551][  0]LogDerivedDataCache: Loaded boot cache 0.07s 93MB C:/Users/e.vantorre/AppData/Local/UnrealEngine/4.17/DerivedDataCache/Boot.ddc.
[2018.03.12-15.08.31:551][  0]LogDerivedDataCache: Display: Loaded Boot cache: C:/Users/e.vantorre/AppData/Local/UnrealEngine/4.17/DerivedDataCache/Boot.ddc
[2018.03.12-15.08.31:552][  0]LogDerivedDataCache: FDerivedDataBackendGraph:  Pak pak cache file ../../../../../../Users/e.vantorre/Desktop/Unreal/BraquageDeOuf/DerivedDataCache/DDC.ddp not found, will not use a pak cache.
[2018.03.12-15.08.31:552][  0]LogDerivedDataCache: Unable to find inner node Pak for hierarchical cache Hierarchy.
[2018.03.12-15.08.31:552][  0]LogDerivedDataCache: FDerivedDataBackendGraph:  CompressedPak pak cache file ../../../../../../Users/e.vantorre/Desktop/Unreal/BraquageDeOuf/DerivedDataCache/Compressed.ddp not found, will not use a pak cache.
[2018.03.12-15.08.31:552][  0]LogDerivedDataCache: Unable to find inner node CompressedPak for hierarchical cache Hierarchy.
[2018.03.12-15.08.31:566][  0]LogDerivedDataCache: Display: Pak cache opened for reading ../../../Engine/DerivedDataCache/Compressed.ddp.
[2018.03.12-15.08.31:578][  0]LogDerivedDataCache: Using Local data cache path C:/Users/e.vantorre/AppData/Local/UnrealEngine/Common/DerivedDataCache: Writable
[2018.03.12-15.08.31:587][  0]LogMaterial: Verifying Global Shaders for PCD3D_SM5
[2018.03.12-15.08.31:588][  0]LogSlate: Using Freetype 2.6.0
[2018.03.12-15.08.31:588][  0]LogSlate: SlateFontCache - WITH_FREETYPE: 1, WITH_HARFBUZZ: 1
[2018.03.12-15.08.31:588][  0]LogSlate: SlateFontCache - WITH_FREETYPE: 1, WITH_HARFBUZZ: 1
[2018.03.12-15.08.31:812][  0]LogAssetRegistry: FAssetRegistry took 0.0254 seconds to start up
[2018.03.12-15.08.31:906][  0]LogInit: Selected Device Profile: [Windows]
[2018.03.12-15.08.32:025][  0]LogContentStreaming: Texture pool size is 0.00 MB
[2018.03.12-15.08.32:267][  0]LogSimplygon: Simplygon DLL not present - disabling.
[2018.03.12-15.08.32:301][  0]LogMeshReduction: Using SimplygonSwarm for distributed automatic mesh merging
[2018.03.12-15.08.32:302][  0]LogMeshReduction: Using QuadricMeshReduction for automatic static mesh reduction
[2018.03.12-15.08.32:302][  0]LogMeshReduction: No automatic skeletal mesh reduction module available
[2018.03.12-15.08.32:302][  0]LogMeshReduction: No automatic mesh merging module available
[2018.03.12-15.08.32:302][  0]LogMeshMerging: No automatic mesh merging module available
[2018.03.12-15.08.32:586][  0]LogNetVersion: BraquageDeOuf , NetCL: 3573198, EngineNetVer: 2, GameNetVer: 0 (Checksum: 3060105400)
[2018.03.12-15.08.32:741][  0]LogPackageLocalizationCache: Processed 5 localized package path(s) for 1 prioritized culture(s) in 0.020710 seconds
[2018.03.12-15.08.32:747][  0]LogUObjectArray: 35825 objects as part of root set at end of initial load.
[2018.03.12-15.08.32:747][  0]LogUObjectAllocator: 7529104 out of 0 bytes used by permanent object pool.
[2018.03.12-15.08.32:747][  0]LogUObjectArray: CloseDisregardForGC: 0/0 objects in disregard for GC pool
[2018.03.12-15.08.32:797][  0]LogInit: WinSock: version 1.1 (2.2), MaxSocks=32767, MaxUdp=65467
[2018.03.12-15.08.34:939][  0]LogTcpMessaging: Initializing TcpMessaging bridge
[2018.03.12-15.08.34:974][  0]LogUdpMessaging: Initializing bridge on interface 0.0.0.0:0 to multicast group 230.0.0.1:6666.
[2018.03.12-15.08.35:558][  0]LogMaterial: Uniform references updated for custom material expression Custom.
[2018.03.12-15.08.35:894][  0]SourceControl: Source control is disabled
[2018.03.12-15.08.35:894][  0]SourceControl: Source control is disabled
[2018.03.12-15.08.35:935][  0]SourceControl: Source control is disabled
[2018.03.12-15.08.35:974][  0]SourceControl: Source control is disabled
[2018.03.12-15.08.36:467][  0]LogAndroidPermission: UAndroidPermissionCallbackProxy::GetInstance
[2018.03.12-15.08.36:670][  0]LogOcInput: OculusInput pre-init called
[2018.03.12-15.08.36:885][  0]LogEngine: Initializing Engine...
[2018.03.12-15.08.36:887][  0]LogHMD: Failed to initialize OpenVR with code 110
[2018.03.12-15.08.37:057][  0]LogStats: UGameplayTagsManager::ConstructGameplayTagTree: Construct from data asset -  0.000 s
[2018.03.12-15.08.37:057][  0]LogStats: UGameplayTagsManager::ConstructGameplayTagTree: GameplayTagTreeChangedEvent.Broadcast -  0.000 s
[2018.03.12-15.08.37:164][  0]LogAIModule: Creating AISystem for world Untitled
[2018.03.12-15.08.37:172][  0]LogInit: XAudio2 using 'Haut-parleurs (Périphérique High Definition Audio)' : 2 channels at 48 kHz using 16 bits per sample (channel mask 0x3)
[2018.03.12-15.08.37:182][  0]LogInit: FAudioDevice initialized.
[2018.03.12-15.08.37:355][  0]LogDerivedDataCache: Saved boot cache 0.17s 93MB C:/Users/e.vantorre/AppData/Local/UnrealEngine/4.17/DerivedDataCache/Boot.ddc.
[2018.03.12-15.08.37:366][  0]LogInit: Texture streaming: Enabled
[2018.03.12-15.08.37:483][  0]LogEngineSessionManager: EngineSessionManager initialized
[2018.03.12-15.08.37:666][  0]LogInit: Transaction tracking system initialized
[2018.03.12-15.08.37:920][  0]BlueprintLog: New page: Editor Load
[2018.03.12-15.08.38:669][  0]LocalizationService: Localization service is disabled
[2018.03.12-15.08.39:236][  0]LogConsoleResponse: Display: 
[2018.03.12-15.08.39:386][  0]LogCook: Display: Max memory allowance for cook 16384mb min free memory 0mb
[2018.03.12-15.08.39:386][  0]LogCook: Display: Mobile HDR setting 1
[2018.03.12-15.08.39:386][  0]LogGameplayTags: Display: UGameplayTagsManager::DoneAddingNativeTags. DelegateIsBound: 0
[2018.03.12-15.08.39:511][  0]LogFileCache: Scanning file cache for directory 'C:/Users/e.vantorre/Desktop/Unreal/BraquageDeOuf/Content/' took 0.02s
[2018.03.12-15.08.40:280][  0]SourceControl: Source control is disabled
[2018.03.12-15.08.40:280][  0]Cmd: MAP LOAD FILE="../../../../../../Users/e.vantorre/Desktop/Unreal/BraquageDeOuf/Content/StarterContent/Maps/Minimal_Default.umap" TEMPLATE=0 SHOWPROGRESS=1 FEATURELEVEL=3
[2018.03.12-15.08.40:280][  0]LightingResults: New page: Lighting Build
[2018.03.12-15.08.40:322][  0]MapCheck: New page: Map Check
[2018.03.12-15.08.40:322][  0]LightingResults: New page: Lighting Build
[2018.03.12-15.08.40:607][  0]LogAIModule: Creating AISystem for world Minimal_Default
[2018.03.12-15.08.40:614][  0]LogEditorServer: Finished looking for orphan Actors (0.000 secs)
[2018.03.12-15.08.40:626][  0]Cmd: MAP CHECKDEP NOCLEARLOG
[2018.03.12-15.08.40:673][  0]MapCheck: Map check complete: 0 Error(s), 0 Warning(s), took 46.941ms to complete.
[2018.03.12-15.08.40:673][  0]LogFileHelpers: Loading map 'Minimal_Default' took 0.394
[2018.03.12-15.08.40:843][  0]LogCollectionManager: Loaded 0 collections in 0.001420 seconds
[2018.03.12-15.08.40:950][  0]LogFileCache: Scanning file cache for directory 'C:/Users/e.vantorre/Desktop/Unreal/BraquageDeOuf/Saved/Collections/' took 0.01s
[2018.03.12-15.08.40:950][  0]LogFileCache: Scanning file cache for directory 'C:/Users/e.vantorre/Desktop/Unreal/BraquageDeOuf/Content/Developers/evantorre/Collections/' took 0.01s
[2018.03.12-15.08.40:950][  0]LogFileCache: Scanning file cache for directory 'C:/Users/e.vantorre/Desktop/Unreal/BraquageDeOuf/Content/Collections/' took 0.01s
[2018.03.12-15.08.40:950][  0]LogCollectionManager: Rebuilt the GUID cache for 0 collections in 0.000001 seconds
[2018.03.12-15.08.40:971][  0]LogContentBrowser: Native class hierarchy populated in 0.0213 seconds. Added 2386 classes and 500 folders.
[2018.03.12-15.08.41:047][  0]LogContentBrowser: Native class hierarchy updated for 'WidgetCarousel' in 0.0005 seconds. Added 0 classes and 0 folders.
[2018.03.12-15.08.41:091][  0]LogContentBrowser: Native class hierarchy updated for 'AddContentDialog' in 0.0010 seconds. Added 0 classes and 0 folders.
[2018.03.12-15.08.41:138][  0]LogContentBrowser: Native class hierarchy updated for 'WorldBrowser' in 0.0006 seconds. Added 2 classes and 3 folders.
[2018.03.12-15.08.41:175][  0]LogContentBrowser: Native class hierarchy updated for 'SceneOutliner' in 0.0005 seconds. Added 1 classes and 2 folders.
[2018.03.12-15.08.41:193][  0]LogSlate: Took 0.000140 seconds to synchronously load lazily loaded font '../../../Engine/Content/Slate/Fonts/Roboto-Regular.ttf' (155K)
[2018.03.12-15.08.41:194][  0]LogSlate: Took 0.000122 seconds to synchronously load lazily loaded font '../../../Engine/Content/Slate/Fonts/Roboto-Bold.ttf' (160K)
[2018.03.12-15.08.41:198][  0]LogSlate: Took 0.000193 seconds to synchronously load lazily loaded font '../../../Engine/Content/Editor/Slate/Fonts/FontAwesome.ttf' (139K)
[2018.03.12-15.08.41:278][  0]LogRenderer: Reallocating scene render targets to support 1208x576 Format 10 NumSamples 1 (Frame:1).
[2018.03.12-15.08.41:448][  0]LogContentBrowser: Native class hierarchy updated for 'HierarchicalLODOutliner' in 0.0006 seconds. Added 1 classes and 2 folders.
[2018.03.12-15.08.41:448][  0]LogLoad: (Engine Initialization) Total time: 14.76 seconds
[2018.03.12-15.08.41:448][  0]LogLoad: (Engine Initialization) Total Blueprint compile time: 0.00 seconds
[2018.03.12-15.08.41:448][  0]LogExternalProfiler: No external profilers were discovered.  External profiling features will not be available.
[2018.03.12-15.08.41:815][  0]LogContentStreaming: Texture pool size now 1000 MB
[2018.03.12-15.08.41:859][  0]LogSlate: Took 0.000209 seconds to synchronously load lazily loaded font '../../../Engine/Content/Slate/Fonts/Roboto-Light.ttf' (159K)
[2018.03.12-15.08.42:800][  3]LogAssetRegistry: Asset discovery search completed in 11.0099 seconds
[2018.03.12-15.08.42:804][  3]LogCollectionManager: Rebuilt the object cache for 0 collections in 0.000001 seconds (found 0 objects)
[2018.03.12-15.08.42:804][  3]LogCollectionManager: Fixed up redirectors for 0 collections in 0.000144 seconds (updated 0 objects)
[2018.03.12-15.08.42:819][  3]LogSlate: Took 0.000275 seconds to synchronously load lazily loaded font '../../../Engine/Content/Slate/Fonts/Roboto-Light.ttf' (159K)
[2018.03.12-15.08.58:161][754]LogSlate: Took 0.000128 seconds to synchronously load lazily loaded font '../../../Engine/Content/Slate/Fonts/Roboto-Light.ttf' (159K)
[2018.03.12-15.08.58:175][754]LogAIModule: Creating AISystem for world DevMapEtienne
[2018.03.12-15.08.58:188][754]Cmd: MAP LOAD FILE="../../../../../../Users/e.vantorre/Desktop/Unreal/BraquageDeOuf/Content/Maps/DevMapEtienne.umap" TEMPLATE=0 SHOWPROGRESS=1 FEATURELEVEL=3
[2018.03.12-15.08.58:188][754]LightingResults: New page: Lighting Build
[2018.03.12-15.08.58:188][754]LoadErrors: New page: Loading map: DevMapEtienne.umap
[2018.03.12-15.08.58:189][754]MapCheck: New page: Map Check
[2018.03.12-15.08.58:189][754]LightingResults: New page: Lighting Build
[2018.03.12-15.08.58:200][754]LogEditorServer: Finished looking for orphan Actors (0.000 secs)
[2018.03.12-15.08.58:232][754]Cmd: MAP CHECKDEP NOCLEARLOG
[2018.03.12-15.08.58:276][754]MapCheck: Map check complete: 0 Error(s), 0 Warning(s), took 43.84ms to complete.
[2018.03.12-15.08.58:276][754]LogFileHelpers: Loading map 'DevMapEtienne' took 0.090
[2018.03.12-15.08.59:799][934]LogTemp: Repeating last play command: Selected Viewport
[2018.03.12-15.08.59:852][934]LogBlueprintUserMessages: Early PlayInEditor Detection: Level '/Game/Maps/DevMapEtienne.DevMapEtienne:PersistentLevel' has LevelScriptBlueprint '/Game/Maps/DevMapEtienne.DevMapEtienne:PersistentLevel.DevMapEtienne' with GeneratedClass '/Game/Maps/DevMapEtienne.DevMapEtienne_C' with ClassGeneratedBy '/Game/Maps/DevMapEtienne.DevMapEtienne:PersistentLevel.DevMapEtienne'
[2018.03.12-15.08.59:852][934]LogPlayLevel: PlayLevel: No blueprints needed recompiling
[2018.03.12-15.08.59:852][934]PIE: New page: PIE session: DevMapEtienne (Mar 12, 2018, 5:08:59 PM)
[2018.03.12-15.08.59:852][934]LogPlayLevel: Creating play world package: /Game/Maps/UEDPIE_0_DevMapEtienne
[2018.03.12-15.08.59:854][934]LogPlayLevel: PIE: StaticDuplicateObject took: (0.001401s)
[2018.03.12-15.08.59:854][934]LogAIModule: Creating AISystem for world DevMapEtienne
[2018.03.12-15.08.59:855][934]LogPlayLevel: PIE: World Init took: (0.000833s)
[2018.03.12-15.08.59:855][934]LogPlayLevel: PIE: Created PIE world by copying editor world from /Game/Maps/DevMapEtienne.DevMapEtienne to /Game/Maps/UEDPIE_0_DevMapEtienne.DevMapEtienne (0.002448s)
[2018.03.12-15.08.59:867][934]LogInit: XAudio2 using 'Haut-parleurs (Périphérique High Definition Audio)' : 2 channels at 48 kHz using 16 bits per sample (channel mask 0x3)
[2018.03.12-15.08.59:873][934]LogInit: FAudioDevice initialized.
[2018.03.12-15.09.00:028][934]LogLoad: Game class is 'SideScrollerGameMode_C'
[2018.03.12-15.09.00:030][934]LogWorld: Bringing World /Game/Maps/UEDPIE_0_DevMapEtienne.DevMapEtienne up for play (max tick rate 0) at 2018.03.12-16.09.00
[2018.03.12-15.09.00:030][934]LogWorld: Bringing up level for play took: 0.000887
[2018.03.12-15.09.00:065][934]LogContentBrowser: Native class hierarchy updated for 'MovieSceneCapture' in 0.0008 seconds. Added 11 classes and 0 folders.
[2018.03.12-15.09.00:067][934]PIE: Play in editor start time for /Game/Maps/UEDPIE_0_DevMapEtienne -0.165
[2018.03.12-15.09.00:068][934]LogBlueprintUserMessages: Late PlayInEditor Detection: Level '/Game/Maps/DevMapEtienne.DevMapEtienne:PersistentLevel' has LevelScriptBlueprint '/Game/Maps/DevMapEtienne.DevMapEtienne:PersistentLevel.DevMapEtienne' with GeneratedClass '/Game/Maps/DevMapEtienne.DevMapEtienne_C' with ClassGeneratedBy '/Game/Maps/DevMapEtienne.DevMapEtienne:PersistentLevel.DevMapEtienne'
[2018.03.12-15.09.03:648][361]LogBlueprintUserMessages: Early EndPlayMap Detection: Level '/Game/Maps/DevMapEtienne.DevMapEtienne:PersistentLevel' has LevelScriptBlueprint '/Game/Maps/DevMapEtienne.DevMapEtienne:PersistentLevel.DevMapEtienne' with GeneratedClass '/Game/Maps/DevMapEtienne.DevMapEtienne_C' with ClassGeneratedBy '/Game/Maps/DevMapEtienne.DevMapEtienne:PersistentLevel.DevMapEtienne'
[2018.03.12-15.09.03:677][361]LogBlueprintUserMessages: Late EndPlayMap Detection: Level '/Game/Maps/DevMapEtienne.DevMapEtienne:PersistentLevel' has LevelScriptBlueprint '/Game/Maps/DevMapEtienne.DevMapEtienne:PersistentLevel.DevMapEtienne' with GeneratedClass '/Game/Maps/DevMapEtienne.DevMapEtienne_C' with ClassGeneratedBy '/Game/Maps/DevMapEtienne.DevMapEtienne:PersistentLevel.DevMapEtienne'
[2018.03.12-15.09.14:651][570]LogTemp: Executing iPhonePackager certificates Engine -bundlename com.YourCompany.BraquageDeOuf
[2018.03.12-15.09.14:651][570]LogTemp: CWD: C:\UE4\UnrealProjects\UE_4.17\Engine\Binaries\DotNET\IOS
[2018.03.12-15.09.14:651][570]LogTemp: Initial Dir: C:\UE4\UnrealProjects\UE_4.17
[2018.03.12-15.09.14:651][570]LogTemp: Env CWD: C:\UE4\UnrealProjects\UE_4.17\Engine\Binaries\DotNET\IOS
[2018.03.12-15.09.14:651][570]LogTemp: BranchPath = K104-0146/C/UE4/UnrealProjects/UE_4.17/Engine/Binaries --- GameBranchPath = K104-0146/C/UE4/UnrealProjects/UE_4.17/Engine/Binaries
[2018.03.12-15.09.14:680][571]LogTemp: IPP ERROR: Could not find provision directory 'C:\Users\e.vantorre\AppData\Local/Apple Computer/MobileDevice/Provisioning Profiles/'.
[2018.03.12-15.10.12:848][574]LogBlueprint: Warning: [Compiler SideScrollerCharacter] Input Axis Event references unknown Axis 'MoveRight' for  InputAxis MoveRight
[2018.03.12-15.10.12:848][574]LogBlueprint: Warning: [Compiler SideScrollerCharacter] InputAction Event references unknown Action 'Jump' for  InputAction Jump
[2018.03.12-15.10.12:851][574]LogBlueprint: Warning: [Compiler SideScrollerCharacter] [0106.17] Compile of SideScrollerCharacter successful, but with 2 Warning(s) [in 4 ms] (/Game/Blueprints/PlayerCharacter.SideScrollerCharacter)
[2018.03.12-15.10.12:874][574]LogBlueprint: Warning: [Compiler PlayerCharacter] Input Axis Event references unknown Axis 'MoveRight' for  InputAxis MoveRight
[2018.03.12-15.10.12:874][574]LogBlueprint: Warning: [Compiler PlayerCharacter] InputAction Event references unknown Action 'Jump' for  InputAction Jump
[2018.03.12-15.10.12:877][574]LogBlueprint: Warning: [Compiler PlayerCharacter] [0106.20] Compile of PlayerCharacter successful, but with 2 Warning(s) [in 6 ms] (/Game/Blueprints/PlayerCharacter.PlayerCharacter)
[2018.03.12-15.10.12:934][574]Cmd: OBJ SAVEPACKAGE PACKAGE="/Game/Blueprints/PlayerCharacter" FILE="../../../../../../Users/e.vantorre/Desktop/Unreal/BraquageDeOuf/Content/Blueprints/PlayerCharacter.uasset" SILENT=true
[2018.03.12-15.10.12:972][574]LogSavePackage: Save=31.09ms
[2018.03.12-15.10.12:972][574]LogSavePackage: Moving '../../../../../../Users/e.vantorre/Desktop/Unreal/BraquageDeOuf/Saved/PlayerCharacter4E66DD0D4276F9390F9EE9BD0CE20488.tmp' to '../../../../../../Users/e.vantorre/Desktop/Unreal/BraquageDeOuf/Content/Blueprints/PlayerCharacter.uasset'
[2018.03.12-15.10.12:975][574]LogSavePackage: Display: Finished SavePackage ../../../../../../Users/e.vantorre/Desktop/Unreal/BraquageDeOuf/Content/Blueprints/PlayerCharacter.uasset
[2018.03.12-15.10.17:179][ 62]Cmd: OBJ SAVEPACKAGE PACKAGE="/Game/Blueprints/MainGameMode" FILE="../../../../../../Users/e.vantorre/Desktop/Unreal/BraquageDeOuf/Content/Blueprints/MainGameMode.uasset" SILENT=true
[2018.03.12-15.10.17:194][ 62]LogSavePackage: Save=9.54ms
[2018.03.12-15.10.17:194][ 62]LogSavePackage: Moving '../../../../../../Users/e.vantorre/Desktop/Unreal/BraquageDeOuf/Saved/MainGameModeBE6A22F94507C546E756E9AB86EAA268.tmp' to '../../../../../../Users/e.vantorre/Desktop/Unreal/BraquageDeOuf/Content/Blueprints/MainGameMode.uasset'
[2018.03.12-15.10.17:197][ 62]LogSavePackage: Display: Finished SavePackage ../../../../../../Users/e.vantorre/Desktop/Unreal/BraquageDeOuf/Content/Blueprints/MainGameMode.uasset
[2018.03.12-15.10.19:059][258]LogSlate: Warning: Prevented a slow task dialog from being summoned while a context menu was open
[2018.03.12-15.10.34:861][141]LogTemp: Repeating last play command: Selected Viewport
[2018.03.12-15.10.34:876][141]LogBlueprintUserMessages: Early PlayInEditor Detection: Level '/Game/Maps/DevMapEtienne.DevMapEtienne:PersistentLevel' has LevelScriptBlueprint '/Game/Maps/DevMapEtienne.DevMapEtienne:PersistentLevel.DevMapEtienne' with GeneratedClass '/Game/Maps/DevMapEtienne.DevMapEtienne_C' with ClassGeneratedBy '/Game/Maps/DevMapEtienne.DevMapEtienne:PersistentLevel.DevMapEtienne'
[2018.03.12-15.10.34:876][141]LogPlayLevel: PlayLevel: No blueprints needed recompiling
[2018.03.12-15.10.34:876][141]PIE: New page: PIE session: DevMapEtienne (Mar 12, 2018, 5:10:34 PM)
[2018.03.12-15.10.34:876][141]LogPlayLevel: Creating play world package: /Game/Maps/UEDPIE_0_DevMapEtienne
[2018.03.12-15.10.34:878][141]LogPlayLevel: PIE: StaticDuplicateObject took: (0.001610s)
[2018.03.12-15.10.34:878][141]LogAIModule: Creating AISystem for world DevMapEtienne
[2018.03.12-15.10.34:879][141]LogPlayLevel: PIE: World Init took: (0.000915s)
[2018.03.12-15.10.34:879][141]LogPlayLevel: PIE: Created PIE world by copying editor world from /Game/Maps/DevMapEtienne.DevMapEtienne to /Game/Maps/UEDPIE_0_DevMapEtienne.DevMapEtienne (0.002798s)
[2018.03.12-15.10.34:892][141]LogInit: XAudio2 using 'Haut-parleurs (Périphérique High Definition Audio)' : 2 channels at 48 kHz using 16 bits per sample (channel mask 0x3)
[2018.03.12-15.10.34:898][141]LogInit: FAudioDevice initialized.
[2018.03.12-15.10.34:927][141]LogLoad: Game class is 'MainGameMode_C'
[2018.03.12-15.10.34:929][141]LogWorld: Bringing World /Game/Maps/UEDPIE_0_DevMapEtienne.DevMapEtienne up for play (max tick rate 0) at 2018.03.12-16.10.34
[2018.03.12-15.10.34:929][141]LogWorld: Bringing up level for play took: 0.001049
[2018.03.12-15.10.34:931][141]PIE: Play in editor start time for /Game/Maps/UEDPIE_0_DevMapEtienne 0.707
[2018.03.12-15.10.34:931][141]LogBlueprintUserMessages: Late PlayInEditor Detection: Level '/Game/Maps/DevMapEtienne.DevMapEtienne:PersistentLevel' has LevelScriptBlueprint '/Game/Maps/DevMapEtienne.DevMapEtienne:PersistentLevel.DevMapEtienne' with GeneratedClass '/Game/Maps/DevMapEtienne.DevMapEtienne_C' with ClassGeneratedBy '/Game/Maps/DevMapEtienne.DevMapEtienne:PersistentLevel.DevMapEtienne'
[2018.03.12-15.10.48:831][625]LogContentBrowser: Native class hierarchy updated for 'BlueprintGraph' in 0.0009 seconds. Added 113 classes and 0 folders.
[2018.03.12-15.10.51:741][890]LogBlueprintUserMessages: Early EndPlayMap Detection: Level '/Game/Maps/DevMapEtienne.DevMapEtienne:PersistentLevel' has LevelScriptBlueprint '/Game/Maps/DevMapEtienne.DevMapEtienne:PersistentLevel.DevMapEtienne' with GeneratedClass '/Game/Maps/DevMapEtienne.DevMapEtienne_C' with ClassGeneratedBy '/Game/Maps/DevMapEtienne.DevMapEtienne:PersistentLevel.DevMapEtienne'
[2018.03.12-15.10.51:776][890]LogBlueprintUserMessages: Late EndPlayMap Detection: Level '/Game/Maps/DevMapEtienne.DevMapEtienne:PersistentLevel' has LevelScriptBlueprint '/Game/Maps/DevMapEtienne.DevMapEtienne:PersistentLevel.DevMapEtienne' with GeneratedClass '/Game/Maps/DevMapEtienne.DevMapEtienne_C' with ClassGeneratedBy '/Game/Maps/DevMapEtienne.DevMapEtienne:PersistentLevel.DevMapEtienne'
[2018.03.12-15.11.22:725][887]LogSlate: Warning: Prevented a slow task dialog from being summoned while a context menu was open
[2018.03.12-15.11.27:807][473]BlueprintLog: New page: Compile MainGameMode
[2018.03.12-15.11.30:213][744]LogTemp: Repeating last play command: Selected Viewport
[2018.03.12-15.11.30:232][744]LogBlueprintUserMessages: Early PlayInEditor Detection: Level '/Game/Maps/DevMapEtienne.DevMapEtienne:PersistentLevel' has LevelScriptBlueprint '/Game/Maps/DevMapEtienne.DevMapEtienne:PersistentLevel.DevMapEtienne' with GeneratedClass '/Game/Maps/DevMapEtienne.DevMapEtienne_C' with ClassGeneratedBy '/Game/Maps/DevMapEtienne.DevMapEtienne:PersistentLevel.DevMapEtienne'
[2018.03.12-15.11.30:232][744]LogPlayLevel: PlayLevel: No blueprints needed recompiling
[2018.03.12-15.11.30:232][744]PIE: New page: PIE session: DevMapEtienne (Mar 12, 2018, 5:11:30 PM)
[2018.03.12-15.11.30:232][744]LogPlayLevel: Creating play world package: /Game/Maps/UEDPIE_0_DevMapEtienne
[2018.03.12-15.11.30:234][744]LogPlayLevel: PIE: StaticDuplicateObject took: (0.001632s)
[2018.03.12-15.11.30:235][744]LogAIModule: Creating AISystem for world DevMapEtienne
[2018.03.12-15.11.30:235][744]LogPlayLevel: PIE: World Init took: (0.000877s)
[2018.03.12-15.11.30:235][744]LogPlayLevel: PIE: Created PIE world by copying editor world from /Game/Maps/DevMapEtienne.DevMapEtienne to /Game/Maps/UEDPIE_0_DevMapEtienne.DevMapEtienne (0.002799s)
[2018.03.12-15.11.30:254][744]LogInit: XAudio2 using 'Haut-parleurs (Périphérique High Definition Audio)' : 2 channels at 48 kHz using 16 bits per sample (channel mask 0x3)
[2018.03.12-15.11.30:260][744]LogInit: FAudioDevice initialized.
[2018.03.12-15.11.30:291][744]LogLoad: Game class is 'MainGameMode_C'
[2018.03.12-15.11.30:292][744]LogWorld: Bringing World /Game/Maps/UEDPIE_0_DevMapEtienne.DevMapEtienne up for play (max tick rate 0) at 2018.03.12-16.11.30
[2018.03.12-15.11.30:293][744]LogWorld: Bringing up level for play took: 0.000939
[2018.03.12-15.11.30:294][744]PIE: Play in editor start time for /Game/Maps/UEDPIE_0_DevMapEtienne 0.075
[2018.03.12-15.11.30:294][744]LogBlueprintUserMessages: Late PlayInEditor Detection: Level '/Game/Maps/DevMapEtienne.DevMapEtienne:PersistentLevel' has LevelScriptBlueprint '/Game/Maps/DevMapEtienne.DevMapEtienne:PersistentLevel.DevMapEtienne' with GeneratedClass '/Game/Maps/DevMapEtienne.DevMapEtienne_C' with ClassGeneratedBy '/Game/Maps/DevMapEtienne.DevMapEtienne:PersistentLevel.DevMapEtienne'
[2018.03.12-15.11.34:174][207]LogBlueprintUserMessages: Early EndPlayMap Detection: Level '/Game/Maps/DevMapEtienne.DevMapEtienne:PersistentLevel' has LevelScriptBlueprint '/Game/Maps/DevMapEtienne.DevMapEtienne:PersistentLevel.DevMapEtienne' with GeneratedClass '/Game/Maps/DevMapEtienne.DevMapEtienne_C' with ClassGeneratedBy '/Game/Maps/DevMapEtienne.DevMapEtienne:PersistentLevel.DevMapEtienne'
[2018.03.12-15.11.34:207][207]LogBlueprintUserMessages: Late EndPlayMap Detection: Level '/Game/Maps/DevMapEtienne.DevMapEtienne:PersistentLevel' has LevelScriptBlueprint '/Game/Maps/DevMapEtienne.DevMapEtienne:PersistentLevel.DevMapEtienne' with GeneratedClass '/Game/Maps/DevMapEtienne.DevMapEtienne_C' with ClassGeneratedBy '/Game/Maps/DevMapEtienne.DevMapEtienne:PersistentLevel.DevMapEtienne'
[2018.03.12-15.11.36:161][436]Cmd: OBJ SAVEPACKAGE PACKAGE="/Game/Maps/DevMapEtienne" FILE="../../../../../../Users/e.vantorre/Desktop/Unreal/BraquageDeOuf/Content/Maps/DevMapEtienne.umap" SILENT=true AUTOSAVING=false KEEPDIRTY=false
[2018.03.12-15.11.36:212][436]LogSavePackage: Save=33.87ms
[2018.03.12-15.11.36:213][436]LogSavePackage: Moving '../../../../../../Users/e.vantorre/Desktop/Unreal/BraquageDeOuf/Saved/DevMapEtienne04A65E674E8C06ABA49436AB6E93898B.tmp' to '../../../../../../Users/e.vantorre/Desktop/Unreal/BraquageDeOuf/Content/Maps/DevMapEtienne.umap'
[2018.03.12-15.11.36:214][436]LogSavePackage: Display: Finished SavePackage ../../../../../../Users/e.vantorre/Desktop/Unreal/BraquageDeOuf/Content/Maps/DevMapEtienne.umap
[2018.03.12-15.11.36:240][436]Cmd: OBJ SAVEPACKAGE PACKAGE="/Game/Maps/DevMapEtienne_BuiltData" FILE="../../../../../../Users/e.vantorre/Desktop/Unreal/BraquageDeOuf/Content/Maps/DevMapEtienne_BuiltData.uasset" SILENT=true
[2018.03.12-15.11.36:265][436]LogSavePackage: Save=17.05ms
[2018.03.12-15.11.36:265][436]LogSavePackage: Moving '../../../../../../Users/e.vantorre/Desktop/Unreal/BraquageDeOuf/Saved/DevMapEtienne_BuiltData7D2838374AE9D84A34651AABDB3A5D44.tmp' to '../../../../../../Users/e.vantorre/Desktop/Unreal/BraquageDeOuf/Content/Maps/DevMapEtienne_BuiltData.uasset'
[2018.03.12-15.11.36:267][436]LogSavePackage: Display: Finished SavePackage ../../../../../../Users/e.vantorre/Desktop/Unreal/BraquageDeOuf/Content/Maps/DevMapEtienne_BuiltData.uasset
[2018.03.12-15.11.36:970][494]LogSlate: Took 0.000193 seconds to synchronously load lazily loaded font '../../../Engine/Content/Editor/Slate/Fonts/Roboto-BoldCondensed.ttf' (158K)
[2018.03.12-15.11.37:027][495]LogSlate: Took 0.000211 seconds to synchronously load lazily loaded font '../../../Engine/Content/Editor/Slate/Fonts/Roboto-Italic.ttf' (157K)
[2018.03.12-15.11.39:673][763]BlueprintLog: New page: Compile PlayerCharacter
[2018.03.12-15.11.39:679][763]LogBlueprint: Warning: [Compiler PlayerCharacter] Input Axis Event references unknown Axis 'MoveRight' for  InputAxis MoveRight
[2018.03.12-15.11.39:679][763]LogBlueprint: Warning: [Compiler PlayerCharacter] InputAction Event references unknown Action 'Jump' for  InputAction Jump
[2018.03.12-15.11.39:833][763]LogBlueprint: Warning: [Compiler PlayerCharacter] [0193.16] Compile of PlayerCharacter successful, but with 2 Warning(s) [in 158 ms] (/Game/Blueprints/PlayerCharacter.PlayerCharacter)
[2018.03.12-15.11.58:632][664]LogBlueprint: Warning: [PlayerCharacter] 'isWalking' variable not found. Base class was probably changed.
[2018.03.12-15.11.58:632][664]LogBlueprint: Warning: [PlayerCharacter] 'isWalking' variable not found. Base class was probably changed.
[2018.03.12-15.11.58:632][664]LogBlueprint: Warning: [PlayerCharacter] 'isWalking' variable not found. Base class was probably changed.
[2018.03.12-15.11.58:632][664]LogBlueprint: Warning: [PlayerCharacter] 'isWalking' variable not found. Base class was probably changed.
[2018.03.12-15.11.58:632][664]LogBlueprint: Warning: [PlayerCharacter] 'isWalking' variable not found. Base class was probably changed.
[2018.03.12-15.11.59:303][735]Cmd: OBJ SAVEPACKAGE PACKAGE="/Game/Blueprints/PlayerCharacter" FILE="../../../../../../Users/e.vantorre/Desktop/Unreal/BraquageDeOuf/Content/Blueprints/PlayerCharacter.uasset" SILENT=true
[2018.03.12-15.11.59:342][735]LogSavePackage: Save=35.75ms
[2018.03.12-15.11.59:342][735]LogSavePackage: Moving '../../../../../../Users/e.vantorre/Desktop/Unreal/BraquageDeOuf/Saved/PlayerCharacterE76B5FBA486C95F2366DEF9F9DC0BC00.tmp' to '../../../../../../Users/e.vantorre/Desktop/Unreal/BraquageDeOuf/Content/Blueprints/PlayerCharacter.uasset'
[2018.03.12-15.11.59:345][735]LogSavePackage: Display: Finished SavePackage ../../../../../../Users/e.vantorre/Desktop/Unreal/BraquageDeOuf/Content/Blueprints/PlayerCharacter.uasset
[2018.03.12-15.11.59:731][780]BlueprintLog: New page: Compile PlayerCharacter
[2018.03.12-15.11.59:739][780]LogBlueprint: Warning: [Compiler PlayerCharacter] Could not find a variable named "isWalking" in 'PlayerCharacter_C'.
Make sure 'PlayerCharacter_C' has been compiled for  Get isWalking
[2018.03.12-15.11.59:739][780]LogBlueprint: Warning: [Compiler PlayerCharacter] Could not find a variable named "isWalking" in 'PlayerCharacter_C'.
Make sure 'PlayerCharacter_C' has been compiled for  Set isWalking
[2018.03.12-15.11.59:739][780]LogBlueprint: Warning: [Compiler PlayerCharacter] Could not find a variable named "isWalking" in 'PlayerCharacter_C'.
Make sure 'PlayerCharacter_C' has been compiled for  Set isWalking
[2018.03.12-15.11.59:739][780]LogBlueprint: Error: [Compiler PlayerCharacter] The property associated with  Is Walking  could not be found
[2018.03.12-15.11.59:740][780]LogBlueprint: Error: [Compiler PlayerCharacter] The property associated with  Is Walking  could not be found
[2018.03.12-15.11.59:740][780]LogBlueprint: Error: [Compiler PlayerCharacter] The property associated with  Is Walking  could not be found
[2018.03.12-15.11.59:880][780]LogBlueprint: Warning: [Compiler PlayerCharacter] [0213.21] Compile of PlayerCharacter failed. 3 Fatal Issue(s) 3 Warning(s) [in 149 ms] (/Game/Blueprints/PlayerCharacter.PlayerCharacter)
[2018.03.12-15.12.09:978][897]BlueprintLog: New page: Compile PlayerCharacter
[2018.03.12-15.12.11:128][  0]Cmd: OBJ SAVEPACKAGE PACKAGE="/Game/Blueprints/PlayerCharacter" FILE="../../../../../../Users/e.vantorre/Desktop/Unreal/BraquageDeOuf/Content/Blueprints/PlayerCharacter.uasset" SILENT=true
[2018.03.12-15.12.11:166][  0]LogSavePackage: Save=35.04ms
[2018.03.12-15.12.11:166][  0]LogSavePackage: Moving '../../../../../../Users/e.vantorre/Desktop/Unreal/BraquageDeOuf/Saved/PlayerCharacter73AACACB4BD9233F5391E09E3106A6E8.tmp' to '../../../../../../Users/e.vantorre/Desktop/Unreal/BraquageDeOuf/Content/Blueprints/PlayerCharacter.uasset'
[2018.03.12-15.12.11:169][  0]LogSavePackage: Display: Finished SavePackage ../../../../../../Users/e.vantorre/Desktop/Unreal/BraquageDeOuf/Content/Blueprints/PlayerCharacter.uasset
[2018.03.12-15.12.13:763][295]BlueprintLog: New page: Compile SideScrollerCharacter
[2018.03.12-15.12.20:523][ 48]LogTemp: Repeating last play command: Selected Viewport
[2018.03.12-15.12.20:543][ 48]LogBlueprintUserMessages: Early PlayInEditor Detection: Level '/Game/Maps/DevMapEtienne.DevMapEtienne:PersistentLevel' has LevelScriptBlueprint '/Game/Maps/DevMapEtienne.DevMapEtienne:PersistentLevel.DevMapEtienne' with GeneratedClass '/Game/Maps/DevMapEtienne.DevMapEtienne_C' with ClassGeneratedBy '/Game/Maps/DevMapEtienne.DevMapEtienne:PersistentLevel.DevMapEtienne'
[2018.03.12-15.12.20:543][ 48]LogPlayLevel: PlayLevel: No blueprints needed recompiling
[2018.03.12-15.12.20:543][ 48]PIE: New page: PIE session: DevMapEtienne (Mar 12, 2018, 5:12:20 PM)
[2018.03.12-15.12.20:543][ 48]LogPlayLevel: Creating play world package: /Game/Maps/UEDPIE_0_DevMapEtienne
[2018.03.12-15.12.20:545][ 48]LogPlayLevel: PIE: StaticDuplicateObject took: (0.001615s)
[2018.03.12-15.12.20:546][ 48]LogAIModule: Creating AISystem for world DevMapEtienne
[2018.03.12-15.12.20:546][ 48]LogPlayLevel: PIE: World Init took: (0.000806s)
[2018.03.12-15.12.20:546][ 48]LogPlayLevel: PIE: Created PIE world by copying editor world from /Game/Maps/DevMapEtienne.DevMapEtienne to /Game/Maps/UEDPIE_0_DevMapEtienne.DevMapEtienne (0.002676s)
[2018.03.12-15.12.20:567][ 48]LogInit: XAudio2 using 'Haut-parleurs (Périphérique High Definition Audio)' : 2 channels at 48 kHz using 16 bits per sample (channel mask 0x3)
[2018.03.12-15.12.20:573][ 48]LogInit: FAudioDevice initialized.
[2018.03.12-15.12.20:607][ 48]LogLoad: Game class is 'MainGameMode_C'
[2018.03.12-15.12.20:608][ 48]LogWorld: Bringing World /Game/Maps/UEDPIE_0_DevMapEtienne.DevMapEtienne up for play (max tick rate 0) at 2018.03.12-16.12.20
[2018.03.12-15.12.20:609][ 48]LogWorld: Bringing up level for play took: 0.001026
[2018.03.12-15.12.20:610][ 48]PIE: Play in editor start time for /Game/Maps/UEDPIE_0_DevMapEtienne 0.396
[2018.03.12-15.12.20:610][ 48]LogBlueprintUserMessages: Late PlayInEditor Detection: Level '/Game/Maps/DevMapEtienne.DevMapEtienne:PersistentLevel' has LevelScriptBlueprint '/Game/Maps/DevMapEtienne.DevMapEtienne:PersistentLevel.DevMapEtienne' with GeneratedClass '/Game/Maps/DevMapEtienne.DevMapEtienne_C' with ClassGeneratedBy '/Game/Maps/DevMapEtienne.DevMapEtienne:PersistentLevel.DevMapEtienne'
[2018.03.12-15.12.25:668][652]LogBlueprintUserMessages: Early EndPlayMap Detection: Level '/Game/Maps/DevMapEtienne.DevMapEtienne:PersistentLevel' has LevelScriptBlueprint '/Game/Maps/DevMapEtienne.DevMapEtienne:PersistentLevel.DevMapEtienne' with GeneratedClass '/Game/Maps/DevMapEtienne.DevMapEtienne_C' with ClassGeneratedBy '/Game/Maps/DevMapEtienne.DevMapEtienne:PersistentLevel.DevMapEtienne'
[2018.03.12-15.12.25:704][652]LogBlueprintUserMessages: Late EndPlayMap Detection: Level '/Game/Maps/DevMapEtienne.DevMapEtienne:PersistentLevel' has LevelScriptBlueprint '/Game/Maps/DevMapEtienne.DevMapEtienne:PersistentLevel.DevMapEtienne' with GeneratedClass '/Game/Maps/DevMapEtienne.DevMapEtienne_C' with ClassGeneratedBy '/Game/Maps/DevMapEtienne.DevMapEtienne:PersistentLevel.DevMapEtienne'
[2018.03.12-15.14.47:580][419]LogTemp: Repeating last play command: Selected Viewport
[2018.03.12-15.14.47:603][419]LogBlueprintUserMessages: Early PlayInEditor Detection: Level '/Game/Maps/DevMapEtienne.DevMapEtienne:PersistentLevel' has LevelScriptBlueprint '/Game/Maps/DevMapEtienne.DevMapEtienne:PersistentLevel.DevMapEtienne' with GeneratedClass '/Game/Maps/DevMapEtienne.DevMapEtienne_C' with ClassGeneratedBy '/Game/Maps/DevMapEtienne.DevMapEtienne:PersistentLevel.DevMapEtienne'
[2018.03.12-15.14.47:603][419]LogPlayLevel: PlayLevel: No blueprints needed recompiling
[2018.03.12-15.14.47:603][419]PIE: New page: PIE session: DevMapEtienne (Mar 12, 2018, 5:14:47 PM)
[2018.03.12-15.14.47:603][419]LogPlayLevel: Creating play world package: /Game/Maps/UEDPIE_0_DevMapEtienne
[2018.03.12-15.14.47:606][419]LogPlayLevel: PIE: StaticDuplicateObject took: (0.002642s)
[2018.03.12-15.14.47:607][419]LogAIModule: Creating AISystem for world DevMapEtienne
[2018.03.12-15.14.47:607][419]LogPlayLevel: PIE: World Init took: (0.001179s)
[2018.03.12-15.14.47:608][419]LogPlayLevel: PIE: Created PIE world by copying editor world from /Game/Maps/DevMapEtienne.DevMapEtienne to /Game/Maps/UEDPIE_0_DevMapEtienne.DevMapEtienne (0.004240s)
[2018.03.12-15.14.47:630][419]LogInit: XAudio2 using 'Haut-parleurs (Périphérique High Definition Audio)' : 2 channels at 48 kHz using 16 bits per sample (channel mask 0x3)
[2018.03.12-15.14.47:636][419]LogInit: FAudioDevice initialized.
[2018.03.12-15.14.47:665][419]LogLoad: Game class is 'MainGameMode_C'
[2018.03.12-15.14.47:667][419]LogWorld: Bringing World /Game/Maps/UEDPIE_0_DevMapEtienne.DevMapEtienne up for play (max tick rate 0) at 2018.03.12-16.14.47
[2018.03.12-15.14.47:667][419]LogWorld: Bringing up level for play took: 0.001157
[2018.03.12-15.14.47:669][419]PIE: Play in editor start time for /Game/Maps/UEDPIE_0_DevMapEtienne -0.533
[2018.03.12-15.14.47:670][419]LogBlueprintUserMessages: Late PlayInEditor Detection: Level '/Game/Maps/DevMapEtienne.DevMapEtienne:PersistentLevel' has LevelScriptBlueprint '/Game/Maps/DevMapEtienne.DevMapEtienne:PersistentLevel.DevMapEtienne' with GeneratedClass '/Game/Maps/DevMapEtienne.DevMapEtienne_C' with ClassGeneratedBy '/Game/Maps/DevMapEtienne.DevMapEtienne:PersistentLevel.DevMapEtienne'
[2018.03.12-15.14.48:861][559]LogBlueprintUserMessages: Early EndPlayMap Detection: Level '/Game/Maps/DevMapEtienne.DevMapEtienne:PersistentLevel' has LevelScriptBlueprint '/Game/Maps/DevMapEtienne.DevMapEtienne:PersistentLevel.DevMapEtienne' with GeneratedClass '/Game/Maps/DevMapEtienne.DevMapEtienne_C' with ClassGeneratedBy '/Game/Maps/DevMapEtienne.DevMapEtienne:PersistentLevel.DevMapEtienne'
[2018.03.12-15.14.48:891][559]LogBlueprintUserMessages: Late EndPlayMap Detection: Level '/Game/Maps/DevMapEtienne.DevMapEtienne:PersistentLevel' has LevelScriptBlueprint '/Game/Maps/DevMapEtienne.DevMapEtienne:PersistentLevel.DevMapEtienne' with GeneratedClass '/Game/Maps/DevMapEtienne.DevMapEtienne_C' with ClassGeneratedBy '/Game/Maps/DevMapEtienne.DevMapEtienne:PersistentLevel.DevMapEtienne'
[2018.03.12-15.17.08:950][137]LogEditorViewport: Clicking on Actor (LMB): StaticMeshActor (Cube6)
[2018.03.12-15.17.21:333][603]Cmd: EDIT COPY
[2018.03.12-15.17.21:535][626]Cmd: EDIT PASTE
[2018.03.12-15.17.24:603][987]LogTemp: Repeating last play command: Selected Viewport
[2018.03.12-15.17.24:623][987]LogBlueprintUserMessages: Early PlayInEditor Detection: Level '/Game/Maps/DevMapEtienne.DevMapEtienne:PersistentLevel' has LevelScriptBlueprint '/Game/Maps/DevMapEtienne.DevMapEtienne:PersistentLevel.DevMapEtienne' with GeneratedClass '/Game/Maps/DevMapEtienne.DevMapEtienne_C' with ClassGeneratedBy '/Game/Maps/DevMapEtienne.DevMapEtienne:PersistentLevel.DevMapEtienne'
[2018.03.12-15.17.24:623][987]LogPlayLevel: PlayLevel: No blueprints needed recompiling
[2018.03.12-15.17.24:623][987]PIE: New page: PIE session: DevMapEtienne (Mar 12, 2018, 5:17:24 PM)
[2018.03.12-15.17.24:623][987]LogPlayLevel: Creating play world package: /Game/Maps/UEDPIE_0_DevMapEtienne
[2018.03.12-15.17.24:625][987]LogPlayLevel: PIE: StaticDuplicateObject took: (0.001808s)
[2018.03.12-15.17.24:626][987]LogAIModule: Creating AISystem for world DevMapEtienne
[2018.03.12-15.17.24:626][987]LogPlayLevel: PIE: World Init took: (0.000883s)
[2018.03.12-15.17.24:626][987]LogPlayLevel: PIE: Created PIE world by copying editor world from /Game/Maps/DevMapEtienne.DevMapEtienne to /Game/Maps/UEDPIE_0_DevMapEtienne.DevMapEtienne (0.002968s)
[2018.03.12-15.17.24:649][987]LogInit: XAudio2 using 'Haut-parleurs (Périphérique High Definition Audio)' : 2 channels at 48 kHz using 16 bits per sample (channel mask 0x3)
[2018.03.12-15.17.24:656][987]LogInit: FAudioDevice initialized.
[2018.03.12-15.17.24:687][987]LogLoad: Game class is 'MainGameMode_C'
[2018.03.12-15.17.24:689][987]LogWorld: Bringing World /Game/Maps/UEDPIE_0_DevMapEtienne.DevMapEtienne up for play (max tick rate 0) at 2018.03.12-16.17.24
[2018.03.12-15.17.24:689][987]LogWorld: Bringing up level for play took: 0.001543
[2018.03.12-15.17.24:692][987]PIE: Play in editor start time for /Game/Maps/UEDPIE_0_DevMapEtienne 0.502
[2018.03.12-15.17.24:692][987]LogBlueprintUserMessages: Late PlayInEditor Detection: Level '/Game/Maps/DevMapEtienne.DevMapEtienne:PersistentLevel' has LevelScriptBlueprint '/Game/Maps/DevMapEtienne.DevMapEtienne:PersistentLevel.DevMapEtienne' with GeneratedClass '/Game/Maps/DevMapEtienne.DevMapEtienne_C' with ClassGeneratedBy '/Game/Maps/DevMapEtienne.DevMapEtienne:PersistentLevel.DevMapEtienne'
[2018.03.12-15.17.26:836][241]LogBlueprintUserMessages: Early EndPlayMap Detection: Level '/Game/Maps/DevMapEtienne.DevMapEtienne:PersistentLevel' has LevelScriptBlueprint '/Game/Maps/DevMapEtienne.DevMapEtienne:PersistentLevel.DevMapEtienne' with GeneratedClass '/Game/Maps/DevMapEtienne.DevMapEtienne_C' with ClassGeneratedBy '/Game/Maps/DevMapEtienne.DevMapEtienne:PersistentLevel.DevMapEtienne'
[2018.03.12-15.17.26:877][241]LogBlueprintUserMessages: Late EndPlayMap Detection: Level '/Game/Maps/DevMapEtienne.DevMapEtienne:PersistentLevel' has LevelScriptBlueprint '/Game/Maps/DevMapEtienne.DevMapEtienne:PersistentLevel.DevMapEtienne' with GeneratedClass '/Game/Maps/DevMapEtienne.DevMapEtienne_C' with ClassGeneratedBy '/Game/Maps/DevMapEtienne.DevMapEtienne:PersistentLevel.DevMapEtienne'
[2018.03.12-15.17.33:022][963]LogEditorViewport: Clicking on Actor (LMB): StaticMeshActor (Cube10)
[2018.03.12-15.17.33:855][ 54]LogEditorViewport: Clicking on Actor (LMB): StaticMeshActor (Cube13)
[2018.03.12-15.17.41:255][928]LogTemp: Repeating last play command: Selected Viewport
[2018.03.12-15.17.41:275][928]LogBlueprintUserMessages: Early PlayInEditor Detection: Level '/Game/Maps/DevMapEtienne.DevMapEtienne:PersistentLevel' has LevelScriptBlueprint '/Game/Maps/DevMapEtienne.DevMapEtienne:PersistentLevel.DevMapEtienne' with GeneratedClass '/Game/Maps/DevMapEtienne.DevMapEtienne_C' with ClassGeneratedBy '/Game/Maps/DevMapEtienne.DevMapEtienne:PersistentLevel.DevMapEtienne'
[2018.03.12-15.17.41:275][928]LogPlayLevel: PlayLevel: No blueprints needed recompiling
[2018.03.12-15.17.41:275][928]PIE: New page: PIE session: DevMapEtienne (Mar 12, 2018, 5:17:41 PM)
[2018.03.12-15.17.41:275][928]LogPlayLevel: Creating play world package: /Game/Maps/UEDPIE_0_DevMapEtienne
[2018.03.12-15.17.41:277][928]LogPlayLevel: PIE: StaticDuplicateObject took: (0.001938s)
[2018.03.12-15.17.41:278][928]LogAIModule: Creating AISystem for world DevMapEtienne
[2018.03.12-15.17.41:278][928]LogPlayLevel: PIE: World Init took: (0.000870s)
[2018.03.12-15.17.41:278][928]LogPlayLevel: PIE: Created PIE world by copying editor world from /Game/Maps/DevMapEtienne.DevMapEtienne to /Game/Maps/UEDPIE_0_DevMapEtienne.DevMapEtienne (0.003112s)
[2018.03.12-15.17.41:298][928]LogInit: XAudio2 using 'Haut-parleurs (Périphérique High Definition Audio)' : 2 channels at 48 kHz using 16 bits per sample (channel mask 0x3)
[2018.03.12-15.17.41:304][928]LogInit: FAudioDevice initialized.
[2018.03.12-15.17.41:331][928]LogLoad: Game class is 'MainGameMode_C'
[2018.03.12-15.17.41:334][928]LogWorld: Bringing World /Game/Maps/UEDPIE_0_DevMapEtienne.DevMapEtienne up for play (max tick rate 0) at 2018.03.12-16.17.41
[2018.03.12-15.17.41:334][928]LogWorld: Bringing up level for play took: 0.001229
[2018.03.12-15.17.41:335][928]PIE: Play in editor start time for /Game/Maps/UEDPIE_0_DevMapEtienne -0.852
[2018.03.12-15.17.41:336][928]LogBlueprintUserMessages: Late PlayInEditor Detection: Level '/Game/Maps/DevMapEtienne.DevMapEtienne:PersistentLevel' has LevelScriptBlueprint '/Game/Maps/DevMapEtienne.DevMapEtienne:PersistentLevel.DevMapEtienne' with GeneratedClass '/Game/Maps/DevMapEtienne.DevMapEtienne_C' with ClassGeneratedBy '/Game/Maps/DevMapEtienne.DevMapEtienne:PersistentLevel.DevMapEtienne'
[2018.03.12-15.17.43:384][171]LogBlueprintUserMessages: Early EndPlayMap Detection: Level '/Game/Maps/DevMapEtienne.DevMapEtienne:PersistentLevel' has LevelScriptBlueprint '/Game/Maps/DevMapEtienne.DevMapEtienne:PersistentLevel.DevMapEtienne' with GeneratedClass '/Game/Maps/DevMapEtienne.DevMapEtienne_C' with ClassGeneratedBy '/Game/Maps/DevMapEtienne.DevMapEtienne:PersistentLevel.DevMapEtienne'
[2018.03.12-15.17.43:431][171]LogBlueprintUserMessages: Late EndPlayMap Detection: Level '/Game/Maps/DevMapEtienne.DevMapEtienne:PersistentLevel' has LevelScriptBlueprint '/Game/Maps/DevMapEtienne.DevMapEtienne:PersistentLevel.DevMapEtienne' with GeneratedClass '/Game/Maps/DevMapEtienne.DevMapEtienne_C' with ClassGeneratedBy '/Game/Maps/DevMapEtienne.DevMapEtienne:PersistentLevel.DevMapEtienne'
[2018.03.12-15.18.00:292][168]LogActorComponent: UnregisterComponent: (/Engine/Transient.EditorFloorComp) Not registered. Aborting.
[2018.03.12-15.18.00:357][168]LogActorComponent: UnregisterComponent: (/Engine/Transient.EditorFloorComp) Not registered. Aborting.
[2018.03.12-15.19.42:844][358]LogEditorViewport: Clicking on Actor (LMB): PlayerStart (PlayerStart)
[2018.03.12-15.19.50:371][217]LogEditorViewport: Clicking on Actor (LMB): PlayerCharacter_C (PlayerCharacter)
[2018.03.12-15.19.50:779][253]LogEditorViewport: Clicking on Actor (LMB): PlayerCharacter_C (PlayerCharacter)
[2018.03.12-15.19.50:847][258]LogEditorViewport: Clicking on Component (LMB): CameraComponent (SideViewCamera)
[2018.03.12-15.19.54:083][638]LogTemp: Repeating last play command: Selected Viewport
[2018.03.12-15.19.54:124][638]LogBlueprintUserMessages: Early PlayInEditor Detection: Level '/Game/Maps/DevMapEtienne.DevMapEtienne:PersistentLevel' has LevelScriptBlueprint '/Game/Maps/DevMapEtienne.DevMapEtienne:PersistentLevel.DevMapEtienne' with GeneratedClass '/Game/Maps/DevMapEtienne.DevMapEtienne_C' with ClassGeneratedBy '/Game/Maps/DevMapEtienne.DevMapEtienne:PersistentLevel.DevMapEtienne'
[2018.03.12-15.19.54:124][638]LogPlayLevel: PlayLevel: No blueprints needed recompiling
[2018.03.12-15.19.54:124][638]PIE: New page: PIE session: DevMapEtienne (Mar 12, 2018, 5:19:54 PM)
[2018.03.12-15.19.54:124][638]LogPlayLevel: Creating play world package: /Game/Maps/UEDPIE_0_DevMapEtienne
[2018.03.12-15.19.54:126][638]LogPlayLevel: PIE: StaticDuplicateObject took: (0.002153s)
[2018.03.12-15.19.54:127][638]LogAIModule: Creating AISystem for world DevMapEtienne
[2018.03.12-15.19.54:127][638]LogPlayLevel: PIE: World Init took: (0.000846s)
[2018.03.12-15.19.54:127][638]LogPlayLevel: PIE: Created PIE world by copying editor world from /Game/Maps/DevMapEtienne.DevMapEtienne to /Game/Maps/UEDPIE_0_DevMapEtienne.DevMapEtienne (0.003335s)
[2018.03.12-15.19.54:177][638]LogInit: XAudio2 using 'Haut-parleurs (Périphérique High Definition Audio)' : 2 channels at 48 kHz using 16 bits per sample (channel mask 0x3)
[2018.03.12-15.19.54:184][638]LogInit: FAudioDevice initialized.
[2018.03.12-15.19.54:213][638]LogLoad: Game class is 'MainGameMode_C'
[2018.03.12-15.19.54:215][638]LogWorld: Bringing World /Game/Maps/UEDPIE_0_DevMapEtienne.DevMapEtienne up for play (max tick rate 0) at 2018.03.12-16.19.54
[2018.03.12-15.19.54:216][638]LogWorld: Bringing up level for play took: 0.002033
[2018.03.12-15.19.54:222][638]PIE: Play in editor start time for /Game/Maps/UEDPIE_0_DevMapEtienne 0.046
[2018.03.12-15.19.54:223][638]LogBlueprintUserMessages: Late PlayInEditor Detection: Level '/Game/Maps/DevMapEtienne.DevMapEtienne:PersistentLevel' has LevelScriptBlueprint '/Game/Maps/DevMapEtienne.DevMapEtienne:PersistentLevel.DevMapEtienne' with GeneratedClass '/Game/Maps/DevMapEtienne.DevMapEtienne_C' with ClassGeneratedBy '/Game/Maps/DevMapEtienne.DevMapEtienne:PersistentLevel.DevMapEtienne'
[2018.03.12-15.19.55:687][806]LogBlueprintUserMessages: Early EndPlayMap Detection: Level '/Game/Maps/DevMapEtienne.DevMapEtienne:PersistentLevel' has LevelScriptBlueprint '/Game/Maps/DevMapEtienne.DevMapEtienne:PersistentLevel.DevMapEtienne' with GeneratedClass '/Game/Maps/DevMapEtienne.DevMapEtienne_C' with ClassGeneratedBy '/Game/Maps/DevMapEtienne.DevMapEtienne:PersistentLevel.DevMapEtienne'
[2018.03.12-15.19.55:750][806]LogBlueprintUserMessages: Late EndPlayMap Detection: Level '/Game/Maps/DevMapEtienne.DevMapEtienne:PersistentLevel' has LevelScriptBlueprint '/Game/Maps/DevMapEtienne.DevMapEtienne:PersistentLevel.DevMapEtienne' with GeneratedClass '/Game/Maps/DevMapEtienne.DevMapEtienne_C' with ClassGeneratedBy '/Game/Maps/DevMapEtienne.DevMapEtienne:PersistentLevel.DevMapEtienne'
[2018.03.12-15.20.32:848][908]LogEditorActor: Deleted Actor: PlayerCharacter_C
[2018.03.12-15.20.32:863][908]LogEditorActor: Deleted 1 Actors (0.015 secs)
[2018.03.12-15.20.33:925][ 35]LogTemp: Repeating last play command: Selected Viewport
[2018.03.12-15.20.33:942][ 35]LogBlueprintUserMessages: Early PlayInEditor Detection: Level '/Game/Maps/DevMapEtienne.DevMapEtienne:PersistentLevel' has LevelScriptBlueprint '/Game/Maps/DevMapEtienne.DevMapEtienne:PersistentLevel.DevMapEtienne' with GeneratedClass '/Game/Maps/DevMapEtienne.DevMapEtienne_C' with ClassGeneratedBy '/Game/Maps/DevMapEtienne.DevMapEtienne:PersistentLevel.DevMapEtienne'
[2018.03.12-15.20.33:942][ 35]LogPlayLevel: PlayLevel: No blueprints needed recompiling
[2018.03.12-15.20.33:942][ 35]PIE: New page: PIE session: DevMapEtienne (Mar 12, 2018, 5:20:33 PM)
[2018.03.12-15.20.33:942][ 35]LogPlayLevel: Creating play world package: /Game/Maps/UEDPIE_0_DevMapEtienne
[2018.03.12-15.20.33:944][ 35]LogPlayLevel: PIE: StaticDuplicateObject took: (0.001654s)
[2018.03.12-15.20.33:944][ 35]LogAIModule: Creating AISystem for world DevMapEtienne
[2018.03.12-15.20.33:945][ 35]LogPlayLevel: PIE: World Init took: (0.000777s)
[2018.03.12-15.20.33:945][ 35]LogPlayLevel: PIE: Created PIE world by copying editor world from /Game/Maps/DevMapEtienne.DevMapEtienne to /Game/Maps/UEDPIE_0_DevMapEtienne.DevMapEtienne (0.002673s)
[2018.03.12-15.20.33:962][ 35]LogInit: XAudio2 using 'Haut-parleurs (Périphérique High Definition Audio)' : 2 channels at 48 kHz using 16 bits per sample (channel mask 0x3)
[2018.03.12-15.20.33:968][ 35]LogInit: FAudioDevice initialized.
[2018.03.12-15.20.33:999][ 35]LogLoad: Game class is 'MainGameMode_C'
[2018.03.12-15.20.34:001][ 35]LogWorld: Bringing World /Game/Maps/UEDPIE_0_DevMapEtienne.DevMapEtienne up for play (max tick rate 0) at 2018.03.12-16.20.34
[2018.03.12-15.20.34:001][ 35]LogWorld: Bringing up level for play took: 0.001184
[2018.03.12-15.20.34:003][ 35]PIE: Play in editor start time for /Game/Maps/UEDPIE_0_DevMapEtienne -0.168
[2018.03.12-15.20.34:003][ 35]LogBlueprintUserMessages: Late PlayInEditor Detection: Level '/Game/Maps/DevMapEtienne.DevMapEtienne:PersistentLevel' has LevelScriptBlueprint '/Game/Maps/DevMapEtienne.DevMapEtienne:PersistentLevel.DevMapEtienne' with GeneratedClass '/Game/Maps/DevMapEtienne.DevMapEtienne_C' with ClassGeneratedBy '/Game/Maps/DevMapEtienne.DevMapEtienne:PersistentLevel.DevMapEtienne'
[2018.03.12-15.20.38:174][532]LogBlueprintUserMessages: Early EndPlayMap Detection: Level '/Game/Maps/DevMapEtienne.DevMapEtienne:PersistentLevel' has LevelScriptBlueprint '/Game/Maps/DevMapEtienne.DevMapEtienne:PersistentLevel.DevMapEtienne' with GeneratedClass '/Game/Maps/DevMapEtienne.DevMapEtienne_C' with ClassGeneratedBy '/Game/Maps/DevMapEtienne.DevMapEtienne:PersistentLevel.DevMapEtienne'
[2018.03.12-15.20.38:207][532]LogBlueprintUserMessages: Late EndPlayMap Detection: Level '/Game/Maps/DevMapEtienne.DevMapEtienne:PersistentLevel' has LevelScriptBlueprint '/Game/Maps/DevMapEtienne.DevMapEtienne:PersistentLevel.DevMapEtienne' with GeneratedClass '/Game/Maps/DevMapEtienne.DevMapEtienne_C' with ClassGeneratedBy '/Game/Maps/DevMapEtienne.DevMapEtienne:PersistentLevel.DevMapEtienne'
[2018.03.12-15.20.44:007][223]LogEditorViewport: Clicking on Actor (LMB): StaticMeshActor (Cube13)
[2018.03.12-15.21.11:575][ 47]BlueprintLog: New page: Compile PlayerCharacter
[2018.03.12-15.21.16:174][472]BlueprintLog: New page: Compile PlayerCharacter
[2018.03.12-15.21.18:238][673]LogTemp: Repeating last play command: Selected Viewport
[2018.03.12-15.21.18:254][673]LogBlueprintUserMessages: Early PlayInEditor Detection: Level '/Game/Maps/DevMapEtienne.DevMapEtienne:PersistentLevel' has LevelScriptBlueprint '/Game/Maps/DevMapEtienne.DevMapEtienne:PersistentLevel.DevMapEtienne' with GeneratedClass '/Game/Maps/DevMapEtienne.DevMapEtienne_C' with ClassGeneratedBy '/Game/Maps/DevMapEtienne.DevMapEtienne:PersistentLevel.DevMapEtienne'
[2018.03.12-15.21.18:255][673]LogPlayLevel: PlayLevel: No blueprints needed recompiling
[2018.03.12-15.21.18:255][673]PIE: New page: PIE session: DevMapEtienne (Mar 12, 2018, 5:21:18 PM)
[2018.03.12-15.21.18:255][673]LogPlayLevel: Creating play world package: /Game/Maps/UEDPIE_0_DevMapEtienne
[2018.03.12-15.21.18:256][673]LogPlayLevel: PIE: StaticDuplicateObject took: (0.001640s)
[2018.03.12-15.21.18:257][673]LogAIModule: Creating AISystem for world DevMapEtienne
[2018.03.12-15.21.18:258][673]LogPlayLevel: PIE: World Init took: (0.001072s)
[2018.03.12-15.21.18:258][673]LogPlayLevel: PIE: Created PIE world by copying editor world from /Game/Maps/DevMapEtienne.DevMapEtienne to /Game/Maps/UEDPIE_0_DevMapEtienne.DevMapEtienne (0.002978s)
[2018.03.12-15.21.18:278][673]LogInit: XAudio2 using 'Haut-parleurs (Périphérique High Definition Audio)' : 2 channels at 48 kHz using 16 bits per sample (channel mask 0x3)
[2018.03.12-15.21.18:284][673]LogInit: FAudioDevice initialized.
[2018.03.12-15.21.18:315][673]LogLoad: Game class is 'MainGameMode_C'
[2018.03.12-15.21.18:317][673]LogWorld: Bringing World /Game/Maps/UEDPIE_0_DevMapEtienne.DevMapEtienne up for play (max tick rate 0) at 2018.03.12-16.21.18
[2018.03.12-15.21.18:317][673]LogWorld: Bringing up level for play took: 0.001112
[2018.03.12-15.21.18:319][673]PIE: Play in editor start time for /Game/Maps/UEDPIE_0_DevMapEtienne 0.151
[2018.03.12-15.21.18:319][673]LogBlueprintUserMessages: Late PlayInEditor Detection: Level '/Game/Maps/DevMapEtienne.DevMapEtienne:PersistentLevel' has LevelScriptBlueprint '/Game/Maps/DevMapEtienne.DevMapEtienne:PersistentLevel.DevMapEtienne' with GeneratedClass '/Game/Maps/DevMapEtienne.DevMapEtienne_C' with ClassGeneratedBy '/Game/Maps/DevMapEtienne.DevMapEtienne:PersistentLevel.DevMapEtienne'
[2018.03.12-15.21.21:689][ 75]LogBlueprintUserMessages: Early EndPlayMap Detection: Level '/Game/Maps/DevMapEtienne.DevMapEtienne:PersistentLevel' has LevelScriptBlueprint '/Game/Maps/DevMapEtienne.DevMapEtienne:PersistentLevel.DevMapEtienne' with GeneratedClass '/Game/Maps/DevMapEtienne.DevMapEtienne_C' with ClassGeneratedBy '/Game/Maps/DevMapEtienne.DevMapEtienne:PersistentLevel.DevMapEtienne'
[2018.03.12-15.21.21:733][ 75]LogBlueprintUserMessages: Late EndPlayMap Detection: Level '/Game/Maps/DevMapEtienne.DevMapEtienne:PersistentLevel' has LevelScriptBlueprint '/Game/Maps/DevMapEtienne.DevMapEtienne:PersistentLevel.DevMapEtienne' with GeneratedClass '/Game/Maps/DevMapEtienne.DevMapEtienne_C' with ClassGeneratedBy '/Game/Maps/DevMapEtienne.DevMapEtienne:PersistentLevel.DevMapEtienne'
[2018.03.12-15.22.11:833][887]LogSavePackage: Save=35.62ms
[2018.03.12-15.22.11:833][887]LogSavePackage: Moving '../../../../../../Users/e.vantorre/Desktop/Unreal/BraquageDeOuf/Saved/DevMapEtienne_Auto1BB0599C941930FE41E4EC9824D984EAF.tmp' to '../../../../../../Users/e.vantorre/Desktop/Unreal/BraquageDeOuf/Saved/Autosaves/Game/Maps/DevMapEtienne_Auto1.umap'
[2018.03.12-15.22.11:835][887]LogSavePackage: Display: Finished SavePackage ../../../../../../Users/e.vantorre/Desktop/Unreal/BraquageDeOuf/Saved/Autosaves/Game/Maps/DevMapEtienne_Auto1.umap
[2018.03.12-15.22.11:840][887]LogFileHelpers: Editor autosave (incl. sublevels) for '/Game/Maps/DevMapEtienne' took 0.066
[2018.03.12-15.22.11:840][887]LogFileHelpers: Editor autosave (incl. sublevels) for all levels took 0.066
[2018.03.12-15.22.11:841][887]OBJ SavePackage: Generating thumbnails for [1] asset(s) in package [/Game/Blueprints/PlayerCharacter] ([1] browsable assets)...
[2018.03.12-15.22.11:854][887]OBJ SavePackage:     Rendered thumbnail for [Blueprint /Game/Blueprints/PlayerCharacter.PlayerCharacter]
[2018.03.12-15.22.11:854][887]OBJ SavePackage: Finished generating thumbnails for package [/Game/Blueprints/PlayerCharacter]
[2018.03.12-15.22.11:897][887]LogSavePackage: Save=34.84ms
[2018.03.12-15.22.11:897][887]LogSavePackage: Moving '../../../../../../Users/e.vantorre/Desktop/Unreal/BraquageDeOuf/Saved/PlayerCharacter_Auto1635F32E2470FD3E4E865E5B40F852BD3.tmp' to '../../../../../../Users/e.vantorre/Desktop/Unreal/BraquageDeOuf/Saved/Autosaves/Game/Blueprints/PlayerCharacter_Auto1.uasset'
[2018.03.12-15.22.11:898][887]LogSavePackage: Display: Finished SavePackage ../../../../../../Users/e.vantorre/Desktop/Unreal/BraquageDeOuf/Saved/Autosaves/Game/Blueprints/PlayerCharacter_Auto1.uasset
[2018.03.12-15.22.11:899][887]OBJ SavePackage: Generating thumbnails for [1] asset(s) in package [/Game/SideScrollerBP/Blueprints/SideScrollerCharacter] ([1] browsable assets)...
[2018.03.12-15.22.11:911][887]OBJ SavePackage:     Rendered thumbnail for [Blueprint /Game/SideScrollerBP/Blueprints/SideScrollerCharacter.SideScrollerCharacter]
[2018.03.12-15.22.11:911][887]OBJ SavePackage: Finished generating thumbnails for package [/Game/SideScrollerBP/Blueprints/SideScrollerCharacter]
[2018.03.12-15.22.11:953][887]LogSavePackage: Save=34.44ms
[2018.03.12-15.22.11:953][887]LogSavePackage: Moving '../../../../../../Users/e.vantorre/Desktop/Unreal/BraquageDeOuf/Saved/SideScrollerCharacter_Auto1BB42913E4A3663F46263F7ABBC4C4336.tmp' to '../../../../../../Users/e.vantorre/Desktop/Unreal/BraquageDeOuf/Saved/Autosaves/Game/SideScrollerBP/Blueprints/SideScrollerCharacter_Auto1.uasset'
[2018.03.12-15.22.11:955][887]LogSavePackage: Display: Finished SavePackage ../../../../../../Users/e.vantorre/Desktop/Unreal/BraquageDeOuf/Saved/Autosaves/Game/SideScrollerBP/Blueprints/SideScrollerCharacter_Auto1.uasset
[2018.03.12-15.22.11:955][887]OBJ SavePackage: Generating thumbnails for [0] asset(s) in package [/Game/Blueprints/MainGameMode] ([1] browsable assets)...
[2018.03.12-15.22.11:955][887]OBJ SavePackage: Finished generating thumbnails for package [/Game/Blueprints/MainGameMode]
[2018.03.12-15.22.11:972][887]LogSavePackage: Save=9.23ms
[2018.03.12-15.22.11:972][887]LogSavePackage: Moving '../../../../../../Users/e.vantorre/Desktop/Unreal/BraquageDeOuf/Saved/MainGameMode_Auto13A15010142AC2D53C414F4958A9BF1B0.tmp' to '../../../../../../Users/e.vantorre/Desktop/Unreal/BraquageDeOuf/Saved/Autosaves/Game/Blueprints/MainGameMode_Auto1.uasset'
[2018.03.12-15.22.11:974][887]LogSavePackage: Display: Finished SavePackage ../../../../../../Users/e.vantorre/Desktop/Unreal/BraquageDeOuf/Saved/Autosaves/Game/Blueprints/MainGameMode_Auto1.uasset
[2018.03.12-15.22.11:974][887]LogFileHelpers: Auto-saving content packages took 0.133
[2018.03.12-15.22.15:722][313]LogEditorViewport: Clicking on Actor (LMB): BP_Sky_Sphere_C (BP_Sky_Sphere)
[2018.03.12-15.22.20:734][877]LogTemp: Repeating last play command: Selected Viewport
[2018.03.12-15.22.20:751][877]LogBlueprintUserMessages: Early PlayInEditor Detection: Level '/Game/Maps/DevMapEtienne.DevMapEtienne:PersistentLevel' has LevelScriptBlueprint '/Game/Maps/DevMapEtienne.DevMapEtienne:PersistentLevel.DevMapEtienne' with GeneratedClass '/Game/Maps/DevMapEtienne.DevMapEtienne_C' with ClassGeneratedBy '/Game/Maps/DevMapEtienne.DevMapEtienne:PersistentLevel.DevMapEtienne'
[2018.03.12-15.22.20:751][877]LogPlayLevel: PlayLevel: No blueprints needed recompiling
[2018.03.12-15.22.20:751][877]PIE: New page: PIE session: DevMapEtienne (Mar 12, 2018, 5:22:20 PM)
[2018.03.12-15.22.20:752][877]LogPlayLevel: Creating play world package: /Game/Maps/UEDPIE_0_DevMapEtienne
[2018.03.12-15.22.20:754][877]LogPlayLevel: PIE: StaticDuplicateObject took: (0.002055s)
[2018.03.12-15.22.20:754][877]LogAIModule: Creating AISystem for world DevMapEtienne
[2018.03.12-15.22.20:755][877]LogPlayLevel: PIE: World Init took: (0.000918s)
[2018.03.12-15.22.20:755][877]LogPlayLevel: PIE: Created PIE world by copying editor world from /Game/Maps/DevMapEtienne.DevMapEtienne to /Game/Maps/UEDPIE_0_DevMapEtienne.DevMapEtienne (0.003247s)
[2018.03.12-15.22.20:775][877]LogInit: XAudio2 using 'Haut-parleurs (Périphérique High Definition Audio)' : 2 channels at 48 kHz using 16 bits per sample (channel mask 0x3)
[2018.03.12-15.22.20:781][877]LogInit: FAudioDevice initialized.
[2018.03.12-15.22.20:814][877]LogLoad: Game class is 'MainGameMode_C'
[2018.03.12-15.22.20:816][877]LogWorld: Bringing World /Game/Maps/UEDPIE_0_DevMapEtienne.DevMapEtienne up for play (max tick rate 0) at 2018.03.12-16.22.20
[2018.03.12-15.22.20:816][877]LogWorld: Bringing up level for play took: 0.001113
[2018.03.12-15.22.20:818][877]PIE: Play in editor start time for /Game/Maps/UEDPIE_0_DevMapEtienne 0.657
[2018.03.12-15.22.20:818][877]LogBlueprintUserMessages: Late PlayInEditor Detection: Level '/Game/Maps/DevMapEtienne.DevMapEtienne:PersistentLevel' has LevelScriptBlueprint '/Game/Maps/DevMapEtienne.DevMapEtienne:PersistentLevel.DevMapEtienne' with GeneratedClass '/Game/Maps/DevMapEtienne.DevMapEtienne_C' with ClassGeneratedBy '/Game/Maps/DevMapEtienne.DevMapEtienne:PersistentLevel.DevMapEtienne'
[2018.03.12-15.22.23:181][158]LogBlueprintUserMessages: Early EndPlayMap Detection: Level '/Game/Maps/DevMapEtienne.DevMapEtienne:PersistentLevel' has LevelScriptBlueprint '/Game/Maps/DevMapEtienne.DevMapEtienne:PersistentLevel.DevMapEtienne' with GeneratedClass '/Game/Maps/DevMapEtienne.DevMapEtienne_C' with ClassGeneratedBy '/Game/Maps/DevMapEtienne.DevMapEtienne:PersistentLevel.DevMapEtienne'
[2018.03.12-15.22.23:219][158]LogBlueprintUserMessages: Late EndPlayMap Detection: Level '/Game/Maps/DevMapEtienne.DevMapEtienne:PersistentLevel' has LevelScriptBlueprint '/Game/Maps/DevMapEtienne.DevMapEtienne:PersistentLevel.DevMapEtienne' with GeneratedClass '/Game/Maps/DevMapEtienne.DevMapEtienne_C' with ClassGeneratedBy '/Game/Maps/DevMapEtienne.DevMapEtienne:PersistentLevel.DevMapEtienne'
[2018.03.12-15.22.30:117][651]LogRenderer: Reallocating scene render targets to support 1208x708 Format 10 NumSamples 1 (Frame:5816).
[2018.03.12-15.23.23:013][199]BlueprintLog: New page: Compile PlayerCharacter
[2018.03.12-15.28.04:007][411]LogSlate: Took 0.018708 seconds to synchronously load lazily loaded font '../../../Engine/Content/Editor/Slate/Fonts/Roboto-BoldCondensedItalic.ttf' (160K)
[2018.03.12-15.32.14:465][718]LogFileHelpers: Editor autosave (incl. sublevels) for '/Game/Maps/DevMapEtienne' took 0.017
[2018.03.12-15.32.14:467][718]OBJ SavePackage: Generating thumbnails for [1] asset(s) in package [/Game/Blueprints/PlayerCharacter] ([1] browsable assets)...
[2018.03.12-15.32.14:479][718]OBJ SavePackage:     Rendered thumbnail for [Blueprint /Game/Blueprints/PlayerCharacter.PlayerCharacter]
[2018.03.12-15.32.14:479][718]OBJ SavePackage: Finished generating thumbnails for package [/Game/Blueprints/PlayerCharacter]
[2018.03.12-15.32.14:525][718]LogSavePackage: Save=37.99ms
[2018.03.12-15.32.14:525][718]LogSavePackage: Moving '../../../../../../Users/e.vantorre/Desktop/Unreal/BraquageDeOuf/Saved/PlayerCharacter_Auto24C9FE92D469CADF03C0D71A2D996F4C0.tmp' to '../../../../../../Users/e.vantorre/Desktop/Unreal/BraquageDeOuf/Saved/Autosaves/Game/Blueprints/PlayerCharacter_Auto2.uasset'
[2018.03.12-15.32.14:526][718]LogSavePackage: Display: Finished SavePackage ../../../../../../Users/e.vantorre/Desktop/Unreal/BraquageDeOuf/Saved/Autosaves/Game/Blueprints/PlayerCharacter_Auto2.uasset
[2018.03.12-15.32.14:526][718]LogFileHelpers: Auto-saving content packages took 0.060
