Log file open, 03/20/18 22:00:04
LogWindows: LoadLibraryWithSearchPaths failed for file aqProf.dll. GetLastError=0
LogWindows: LoadLibraryWithSearchPaths failed for file VSPerf140.dll. GetLastError=0
LogWindows: LoadLibraryWithSearchPaths failed for file VtuneApi.dll. GetLastError=0
LogWindows: LoadLibraryWithSearchPaths failed for file VtuneApi32e.dll. GetLastError=0
LogInit: Display: Running engine for game: BraquageDeOuf
LogPlatformFile: Not using cached read wrapper
LogInit: Display: RandInit(-1278868212) SRandInit(-1278868212).
LogTaskGraph: Started task graph with 5 named threads and 14 total threads with 3 sets of task threads.
LogStats: Stats thread started at 0.195750
LogD3D11RHI: Aftermath initialized
LogPluginManager: Mounting plugin Paper2D
LogPluginManager: Mounting plugin LightPropagationVolume
LogPluginManager: Mounting plugin CodeLiteSourceCodeAccess
LogPluginManager: Mounting plugin GitSourceControl
LogPluginManager: Mounting plugin KDevelopSourceCodeAccess
LogPluginManager: Mounting plugin NullSourceCodeAccess
LogPluginManager: Mounting plugin PerforceSourceControl
LogPluginManager: Mounting plugin SubversionSourceControl
LogPluginManager: Mounting plugin UObjectPlugin
LogPluginManager: Mounting plugin VisualStudioSourceCodeAccess
LogPluginManager: Mounting plugin XCodeSourceCodeAccess
LogPluginManager: Mounting plugin AssetManagerEditor
LogPluginManager: Mounting plugin AudioCapture
LogPluginManager: Mounting plugin FacialAnimation
LogPluginManager: Mounting plugin GameplayTagsEditor
LogPluginManager: Mounting plugin MobileLauncherProfileWizard
LogPluginManager: Mounting plugin PluginBrowser
LogPluginManager: Mounting plugin SpeedTreeImporter
LogPluginManager: Mounting plugin AlembicImporter
LogPluginManager: Mounting plugin CharacterAI
LogPluginManager: Mounting plugin HTML5Networking
LogPluginManager: Mounting plugin AndroidMedia
LogPluginManager: Mounting plugin AvfMedia
LogPluginManager: Mounting plugin MediaPlayerEditor
LogPluginManager: Mounting plugin WmfMedia
LogPluginManager: Mounting plugin TcpMessaging
LogPluginManager: Mounting plugin UdpMessaging
LogPluginManager: Mounting plugin LevelSequenceEditor
LogPluginManager: Mounting plugin MatineeToLevelSequence
LogPluginManager: Mounting plugin OnlineSubsystemGooglePlay
LogPluginManager: Mounting plugin OnlineSubsystemIOS
LogPluginManager: Mounting plugin OnlineSubsystem
LogPluginManager: Mounting plugin OnlineSubsystemNull
LogPluginManager: Mounting plugin OnlineSubsystemUtils
LogPluginManager: Mounting plugin AndroidDeviceProfileSelector
LogPluginManager: Mounting plugin AndroidMoviePlayer
LogPluginManager: Mounting plugin AndroidPermission
LogPluginManager: Mounting plugin AppleMoviePlayer
LogPluginManager: Mounting plugin ArchVisCharacter
LogPluginManager: Mounting plugin CableComponent
LogPluginManager: Mounting plugin CustomMeshComponent
LogPluginManager: Mounting plugin ExampleDeviceProfileSelector
LogPluginManager: Mounting plugin GoogleCloudMessaging
LogPluginManager: Mounting plugin ImmediatePhysics
LogPluginManager: Mounting plugin IOSDeviceProfileSelector
LogPluginManager: Mounting plugin LinuxDeviceProfileSelector
LogPluginManager: Mounting plugin LocationServicesBPLibrary
LogPluginManager: Mounting plugin MobilePatchingUtils
LogPluginManager: Mounting plugin OculusVR
LogPluginManager: Mounting plugin PhysXVehicles
LogPluginManager: Mounting plugin ProceduralMeshComponent
LogPluginManager: Mounting plugin RuntimePhysXCooking
LogPluginManager: Mounting plugin SteamVR
LogPluginManager: Mounting plugin WindowsMoviePlayer
LogInit: Using libcurl 7.47.1
LogInit:  - built for x86_64-pc-win32
LogInit:  - supports SSL with OpenSSL/1.0.2g
LogInit:  - supports HTTP deflate (compression) using libz 1.2.8
LogInit:  - other features:
LogInit:      CURL_VERSION_SSL
LogInit:      CURL_VERSION_LIBZ
LogInit:      CURL_VERSION_IPV6
LogInit:      CURL_VERSION_ASYNCHDNS
LogInit:      CURL_VERSION_LARGEFILE
LogInit:      CURL_VERSION_IDN
LogInit:  CurlRequestOptions (configurable via config and command line):
LogInit:  - bVerifyPeer = false  - Libcurl will NOT verify peer certificate
LogInit:  - bUseHttpProxy = false  - Libcurl will NOT use HTTP proxy
LogInit:  - bDontReuseConnections = false  - Libcurl will reuse connections
LogInit:  - CertBundlePath = nullptr  - Libcurl will use whatever was configured at build time.
LogInit: Build: ++UE4+Release-4.17-CL-3573198
LogInit: Engine Version: 4.17.0-3573198+++UE4+Release-4.17
LogInit: Compatible Engine Version: 4.17.0-3573198+++UE4+Release-4.17
LogInit: Net CL: 3573198
LogDevObjectVersion: Number of dev versions registered: 16
LogDevObjectVersion:   Dev-Blueprints (B0D832E4-1F89-4F0D-ACCF-7EB736FD4AA2): 10
LogDevObjectVersion:   Dev-Build (E1C64328-A22C-4D53-A36C-8E866417BD8C): 0
LogDevObjectVersion:   Dev-Core (375EC13C-06E4-48FB-B500-84F0262A717E): 2
LogDevObjectVersion:   Dev-Editor (E4B068ED-F494-42E9-A231-DA0B2E46BB41): 20
LogDevObjectVersion:   Dev-Framework (CFFC743F-43B0-4480-9391-14DF171D2073): 28
LogDevObjectVersion:   Dev-Mobile (B02B49B5-BB20-44E9-A304-32B752E40360): 0
LogDevObjectVersion:   Dev-Networking (A4E4105C-59A1-49B5-A7C5-40C4547EDFEE): 0
LogDevObjectVersion:   Dev-Online (39C831C9-5AE6-47DC-9A44-9C173E1C8E7C): 0
LogDevObjectVersion:   Dev-Physics (78F01B33-EBEA-4F98-B9B4-84EACCB95AA2): 0
LogDevObjectVersion:   Dev-Platform (6631380F-2D4D-43E0-8009-CF276956A95A): 0
LogDevObjectVersion:   Dev-Rendering (12F88B9F-8875-4AFC-A67C-D90C383ABD29): 19
LogDevObjectVersion:   Dev-Sequencer (7B5AE74C-D270-4C10-A958-57980B212A5A): 4
LogDevObjectVersion:   Dev-VR (D7296918-1DD6-4BDD-9DE2-64A83CC13884): 0
LogDevObjectVersion:   Dev-LoadTimes (C2A15278-BFE7-4AFE-6C17-90FF531DF755): 1
LogDevObjectVersion:   Private-Geometry (6EACA3D4-40EC-4CC1-B786-8BED09428FC5): 1
LogDevObjectVersion:   Dev-AnimPhys (29E575DD-E0A3-4627-9D10-D276232CDCEA): 7
LogInit: Compiled (64-bit): Aug  4 2017 16:30:33
LogInit: Compiled with Visual C++: 19.00.24215.01
LogInit: Build Configuration: Development
LogInit: Branch Name: ++UE4+Release-4.17
LogInit: Command line: 
LogInit: Base directory: C:/UE4/UnrealProjects/UE_4.17/Engine/Binaries/Win64/
LogInit: Installed Engine Build: 1
LogInit: Presizing for max 8388607 objects, including 0 objects not considered by GC, pre-allocating 0 bytes for permanent pool.
LogInit: Object subsystem initialized
[2018.03.20-21.00.06:083][  0]LogInit: Selected Device Profile: [Windows]
[2018.03.20-21.00.06:083][  0]LogInit: Applying CVar settings loaded from the selected device profile: [Windows]
[2018.03.20-21.00.06:228][  0]LogInit: Computer: K104-0146
[2018.03.20-21.00.06:228][  0]LogInit: User: evantorre
[2018.03.20-21.00.06:229][  0]LogInit: CPU Page size=4096, Cores=4
[2018.03.20-21.00.06:229][  0]LogInit: High frequency timer resolution =3.903991 MHz
[2018.03.20-21.00.06:229][  0]LogMemory: Memory total: Physical=15.9GB (16GB approx)
[2018.03.20-21.00.06:229][  0]LogMemory: Platform Memory Stats for Windows
[2018.03.20-21.00.06:229][  0]LogMemory: Process Physical Memory: 278.01 MB used, 278.01 MB peak
[2018.03.20-21.00.06:229][  0]LogMemory: Process Virtual Memory: 274.30 MB used, 274.30 MB peak
[2018.03.20-21.00.06:229][  0]LogMemory: Physical Memory: 7991.98 MB used,  8334.60 MB free, 16326.59 MB total
[2018.03.20-21.00.06:229][  0]LogMemory: Virtual Memory: 706.61 MB used,  8334.60 MB free, 134217728.00 MB total
[2018.03.20-21.00.07:903][  0]LogInit: Using OS detected language (fr-FR).
[2018.03.20-21.00.07:903][  0]LogInit: Using OS detected locale (fr-FR).
[2018.03.20-21.00.08:210][  0]LogTextLocalizationManager: No localization for 'fr-FR' exists, so 'en' will be used for the language.
[2018.03.20-21.00.08:212][  0]LogTextLocalizationManager: No localization for 'fr-FR' exists, so 'en' will be used for the locale.
[2018.03.20-21.00.16:702][  0]LogD3D11RHI: D3D11 adapters:
[2018.03.20-21.00.17:889][  0]LogD3D11RHI:    0. 'NVIDIA GeForce GTX 960' (Feature Level 11_0)
[2018.03.20-21.00.17:889][  0]LogD3D11RHI:       2016/0/8163 MB DedicatedVideo/DedicatedSystem/SharedSystem, Outputs:2, VendorId:0x10de
[2018.03.20-21.00.17:891][  0]LogD3D11RHI:    1. 'Microsoft Basic Render Driver' (Feature Level 11_0)
[2018.03.20-21.00.17:891][  0]LogD3D11RHI:       0/0/8163 MB DedicatedVideo/DedicatedSystem/SharedSystem, Outputs:0, VendorId:0x1414
[2018.03.20-21.00.17:891][  0]LogD3D11RHI: Chosen D3D11 Adapter: 0
[2018.03.20-21.00.17:896][  0]LogD3D11RHI: Creating new Direct3DDevice
[2018.03.20-21.00.17:896][  0]LogD3D11RHI:     GPU DeviceId: 0x1401 (for the marketing name, search the web for "GPU Device Id")
[2018.03.20-21.00.17:896][  0]LogWindows: EnumDisplayDevices:
[2018.03.20-21.00.17:896][  0]LogWindows:    0. 'NVIDIA GeForce GTX 960' (P:1 D:1)
[2018.03.20-21.00.17:896][  0]LogWindows:    1. 'NVIDIA GeForce GTX 960' (P:0 D:1)
[2018.03.20-21.00.17:897][  0]LogWindows:    2. 'NVIDIA GeForce GTX 960' (P:0 D:0)
[2018.03.20-21.00.17:897][  0]LogWindows:    3. 'NVIDIA GeForce GTX 960' (P:0 D:0)
[2018.03.20-21.00.17:897][  0]LogWindows: DebugString: GetVideoDriverDetailsInvalid PrimaryIsNotTheChoosenAdapter GetVideoDriverDetailsInvalid PrimaryIsNotTheChoosenAdapter GetVideoDriverDetailsInvalid PrimaryIsNotTheChoosenAdapter GetVideoDriverDetailsInvalid PrimaryIsNotTheChoosenAdapter FoundDriverCount:0 
[2018.03.20-21.00.17:897][  0]LogD3D11RHI:     Adapter Name: NVIDIA GeForce GTX 960
[2018.03.20-21.00.17:897][  0]LogD3D11RHI:   Driver Version: Unknown (internal:Unknown, unified:Unknown)
[2018.03.20-21.00.17:897][  0]LogD3D11RHI:      Driver Date: Unknown
[2018.03.20-21.00.17:897][  0]LogRHI: Texture pool is 1361 MB (70% of 1945 MB)
[2018.03.20-21.00.17:989][  0]LogD3D11RHI: Async texture creation enabled
[2018.03.20-21.00.18:002][  0]LogD3D11RHI: GPU Timing Frequency: 1000.000000 (Debug: 2 1)
[2018.03.20-21.00.18:005][  0]LogShaderCompilers: Guid format shader working directory is -12 characters bigger than the processId version (../../../../../../Users/e.vantorre/Desktop/Unreal/BraquageDeOuf/Intermediate/Shaders/WorkingDirectory/2012/).
[2018.03.20-21.00.18:005][  0]LogShaderCompilers: Cleaned the shader compiler working directory 'C:/Users/e.vantorre/AppData/Local/Temp/UnrealShaderWorkingDir/F41A6E3A45F4DEAC5593088406B7A9F5/'.
[2018.03.20-21.00.18:005][  0]LogShaderCompilers: Display: Using Local Shader Compiler.
[2018.03.20-21.00.23:765][  0]LogTemp: Display: Loaded TP AllDesktopTargetPlatform
[2018.03.20-21.00.23:811][  0]LogTemp: Display: Loaded TP MacClientTargetPlatform
[2018.03.20-21.00.23:854][  0]LogTemp: Display: Loaded TP MacNoEditorTargetPlatform
[2018.03.20-21.00.23:908][  0]LogTemp: Display: Loaded TP MacServerTargetPlatform
[2018.03.20-21.00.23:986][  0]LogTemp: Display: Loaded TP MacTargetPlatform
[2018.03.20-21.00.24:032][  0]LogTemp: Display: Loaded TP WindowsClientTargetPlatform
[2018.03.20-21.00.24:073][  0]LogTemp: Display: Loaded TP WindowsNoEditorTargetPlatform
[2018.03.20-21.00.24:116][  0]LogTemp: Display: Loaded TP WindowsServerTargetPlatform
[2018.03.20-21.00.24:152][  0]LogTemp: Display: Loaded TP WindowsTargetPlatform
[2018.03.20-21.00.24:206][  0]LogTemp: Display: Loaded TP AndroidTargetPlatform
[2018.03.20-21.00.24:245][  0]LogTemp: Display: Loaded TP Android_ASTCTargetPlatform
[2018.03.20-21.00.24:289][  0]LogTemp: Display: Loaded TP Android_ATCTargetPlatform
[2018.03.20-21.00.24:330][  0]LogTemp: Display: Loaded TP Android_DXTTargetPlatform
[2018.03.20-21.00.24:370][  0]LogTemp: Display: Loaded TP Android_ETC1TargetPlatform
[2018.03.20-21.00.24:417][  0]LogTemp: Display: Loaded TP Android_ETC2TargetPlatform
[2018.03.20-21.00.24:500][  0]LogTemp: Display: Loaded TP Android_MultiTargetPlatform
[2018.03.20-21.00.24:500][  0]LogTemp: Display: Loaded TP Android_PVRTCTargetPlatform
[2018.03.20-21.00.24:531][  0]LogTemp: Display: Loaded TP HTML5TargetPlatform
[2018.03.20-21.00.24:628][  0]LogTemp: Display: Loaded TP IOSTargetPlatform
[2018.03.20-21.00.24:649][  0]LogTemp: Display: Loaded TP TVOSTargetPlatform
[2018.03.20-21.00.24:688][  0]LogTemp: Display: Loaded TP LinuxClientTargetPlatform
[2018.03.20-21.00.24:726][  0]LogTemp: Display: Loaded TP LinuxNoEditorTargetPlatform
[2018.03.20-21.00.24:764][  0]LogTemp: Display: Loaded TP LinuxServerTargetPlatform
[2018.03.20-21.00.24:806][  0]LogTemp: Display: Loaded TP LinuxTargetPlatform
[2018.03.20-21.00.24:806][  0]LogTargetPlatformManager: Display: Building Assets For Windows
[2018.03.20-21.00.25:436][  0]LogDerivedDataCache: Display: Max Cache Size: 512 MB
[2018.03.20-21.00.25:760][  0]LogDerivedDataCache: Loaded boot cache 0.32s 93MB C:/Users/e.vantorre/AppData/Local/UnrealEngine/4.17/DerivedDataCache/Boot.ddc.
[2018.03.20-21.00.25:760][  0]LogDerivedDataCache: Display: Loaded Boot cache: C:/Users/e.vantorre/AppData/Local/UnrealEngine/4.17/DerivedDataCache/Boot.ddc
[2018.03.20-21.00.25:761][  0]LogDerivedDataCache: FDerivedDataBackendGraph:  Pak pak cache file ../../../../../../Users/e.vantorre/Desktop/Unreal/BraquageDeOuf/DerivedDataCache/DDC.ddp not found, will not use a pak cache.
[2018.03.20-21.00.25:761][  0]LogDerivedDataCache: Unable to find inner node Pak for hierarchical cache Hierarchy.
[2018.03.20-21.00.25:761][  0]LogDerivedDataCache: FDerivedDataBackendGraph:  CompressedPak pak cache file ../../../../../../Users/e.vantorre/Desktop/Unreal/BraquageDeOuf/DerivedDataCache/Compressed.ddp not found, will not use a pak cache.
[2018.03.20-21.00.25:761][  0]LogDerivedDataCache: Unable to find inner node CompressedPak for hierarchical cache Hierarchy.
[2018.03.20-21.00.25:802][  0]LogDerivedDataCache: Display: Pak cache opened for reading ../../../Engine/DerivedDataCache/Compressed.ddp.
[2018.03.20-21.00.25:814][  0]LogDerivedDataCache: Using Local data cache path C:/Users/e.vantorre/AppData/Local/UnrealEngine/Common/DerivedDataCache: Writable
[2018.03.20-21.00.25:826][  0]LogMaterial: Verifying Global Shaders for PCD3D_SM5
[2018.03.20-21.00.25:827][  0]LogSlate: Using Freetype 2.6.0
[2018.03.20-21.00.25:856][  0]LogSlate: SlateFontCache - WITH_FREETYPE: 1, WITH_HARFBUZZ: 1
[2018.03.20-21.00.25:856][  0]LogSlate: SlateFontCache - WITH_FREETYPE: 1, WITH_HARFBUZZ: 1
[2018.03.20-21.00.26:780][  0]LogAssetRegistry: FAssetRegistry took 0.0251 seconds to start up
[2018.03.20-21.00.26:874][  0]LogInit: Selected Device Profile: [Windows]
[2018.03.20-21.00.28:100][  0]LogSimplygon: Simplygon DLL not present - disabling.
[2018.03.20-21.00.28:133][  0]LogMeshReduction: Using SimplygonSwarm for distributed automatic mesh merging
[2018.03.20-21.00.28:133][  0]LogMeshReduction: Using QuadricMeshReduction for automatic static mesh reduction
[2018.03.20-21.00.28:133][  0]LogMeshReduction: No automatic skeletal mesh reduction module available
[2018.03.20-21.00.28:133][  0]LogMeshReduction: No automatic mesh merging module available
[2018.03.20-21.00.28:133][  0]LogMeshMerging: No automatic mesh merging module available
[2018.03.20-21.00.28:142][  0]LogContentStreaming: Texture pool size is 0.00 MB
[2018.03.20-21.00.29:171][  0]LogNetVersion: BraquageDeOuf , NetCL: 3573198, EngineNetVer: 2, GameNetVer: 0 (Checksum: 3060105400)
[2018.03.20-21.00.29:845][  0]LogPackageLocalizationCache: Processed 5 localized package path(s) for 1 prioritized culture(s) in 0.052904 seconds
[2018.03.20-21.00.29:850][  0]LogUObjectArray: 35825 objects as part of root set at end of initial load.
[2018.03.20-21.00.29:850][  0]LogUObjectAllocator: 7529112 out of 0 bytes used by permanent object pool.
[2018.03.20-21.00.29:850][  0]LogUObjectArray: CloseDisregardForGC: 0/0 objects in disregard for GC pool
[2018.03.20-21.00.29:901][  0]LogInit: WinSock: version 1.1 (2.2), MaxSocks=32767, MaxUdp=65467
[2018.03.20-21.00.50:484][  0]LogTcpMessaging: Initializing TcpMessaging bridge
[2018.03.20-21.00.50:529][  0]LogUdpMessaging: Initializing bridge on interface 0.0.0.0:0 to multicast group 230.0.0.1:6666.
[2018.03.20-21.00.51:749][  0]LogMaterial: Uniform references updated for custom material expression Custom.
[2018.03.20-21.00.52:321][  0]SourceControl: Source control is disabled
[2018.03.20-21.00.52:321][  0]SourceControl: Source control is disabled
[2018.03.20-21.00.52:370][  0]SourceControl: Source control is disabled
[2018.03.20-21.00.52:425][  0]SourceControl: Source control is disabled
[2018.03.20-21.00.53:042][  0]LogAndroidPermission: UAndroidPermissionCallbackProxy::GetInstance
[2018.03.20-21.00.53:255][  0]LogOcInput: OculusInput pre-init called
[2018.03.20-21.00.53:611][  0]LogEngine: Initializing Engine...
[2018.03.20-21.00.53:613][  0]LogHMD: Failed to initialize OpenVR with code 110
[2018.03.20-21.00.53:991][  0]LogStats: UGameplayTagsManager::ConstructGameplayTagTree: Construct from data asset -  0.000 s
[2018.03.20-21.00.53:991][  0]LogStats: UGameplayTagsManager::ConstructGameplayTagTree: GameplayTagTreeChangedEvent.Broadcast -  0.000 s
[2018.03.20-21.00.54:111][  0]LogAIModule: Creating AISystem for world Untitled
[2018.03.20-21.00.54:120][  0]LogInit: XAudio2 using 'Haut-parleurs (Périphérique High Definition Audio)' : 2 channels at 48 kHz using 16 bits per sample (channel mask 0x3)
[2018.03.20-21.00.54:130][  0]LogInit: FAudioDevice initialized.
[2018.03.20-21.00.54:387][  0]LogDerivedDataCache: Saved boot cache 0.26s 93MB C:/Users/e.vantorre/AppData/Local/UnrealEngine/4.17/DerivedDataCache/Boot.ddc.
[2018.03.20-21.00.54:413][  0]LogInit: Texture streaming: Enabled
[2018.03.20-21.00.54:539][  0]LogEngineSessionManager: EngineSessionManager initialized
[2018.03.20-21.00.55:215][  0]LogInit: Transaction tracking system initialized
[2018.03.20-21.00.55:512][  0]BlueprintLog: New page: Editor Load
[2018.03.20-21.00.56:506][  0]LocalizationService: Localization service is disabled
[2018.03.20-21.00.57:368][  0]LogConsoleResponse: Display: 
[2018.03.20-21.00.58:408][  0]LogCook: Display: Max memory allowance for cook 16384mb min free memory 0mb
[2018.03.20-21.00.58:408][  0]LogCook: Display: Mobile HDR setting 1
[2018.03.20-21.00.58:409][  0]LogGameplayTags: Display: UGameplayTagsManager::DoneAddingNativeTags. DelegateIsBound: 0
[2018.03.20-21.00.58:722][  0]LogFileCache: Scanning file cache for directory 'C:/Users/e.vantorre/Desktop/Unreal/BraquageDeOuf/Content/' took 0.03s
[2018.03.20-21.00.59:976][  0]SourceControl: Source control is disabled
[2018.03.20-21.00.59:976][  0]Cmd: MAP LOAD FILE="../../../../../../Users/e.vantorre/Desktop/Unreal/BraquageDeOuf/Content/StarterContent/Maps/Minimal_Default.umap" TEMPLATE=0 SHOWPROGRESS=1 FEATURELEVEL=3
[2018.03.20-21.01.00:007][  0]LightingResults: New page: Lighting Build
[2018.03.20-21.01.00:042][  0]MapCheck: New page: Map Check
[2018.03.20-21.01.00:042][  0]LightingResults: New page: Lighting Build
[2018.03.20-21.01.01:793][  0]LogAIModule: Creating AISystem for world Minimal_Default
[2018.03.20-21.01.02:115][  0]LogEditorServer: Finished looking for orphan Actors (0.000 secs)
[2018.03.20-21.01.02:181][  0]Cmd: MAP CHECKDEP NOCLEARLOG
[2018.03.20-21.01.02:227][  0]MapCheck: Map check complete: 0 Error(s), 0 Warning(s), took 46.17ms to complete.
[2018.03.20-21.01.02:227][  0]LogFileHelpers: Loading map 'Minimal_Default' took 2.251
[2018.03.20-21.01.03:405][  0]LogCollectionManager: Loaded 0 collections in 0.001668 seconds
[2018.03.20-21.01.03:624][  0]LogFileCache: Scanning file cache for directory 'C:/Users/e.vantorre/Desktop/Unreal/BraquageDeOuf/Saved/Collections/' took 0.01s
[2018.03.20-21.01.03:624][  0]LogFileCache: Scanning file cache for directory 'C:/Users/e.vantorre/Desktop/Unreal/BraquageDeOuf/Content/Developers/evantorre/Collections/' took 0.01s
[2018.03.20-21.01.03:624][  0]LogFileCache: Scanning file cache for directory 'C:/Users/e.vantorre/Desktop/Unreal/BraquageDeOuf/Content/Collections/' took 0.01s
[2018.03.20-21.01.03:624][  0]LogCollectionManager: Rebuilt the GUID cache for 0 collections in 0.000001 seconds
[2018.03.20-21.01.03:656][  0]LogContentBrowser: Native class hierarchy populated in 0.0288 seconds. Added 2386 classes and 500 folders.
[2018.03.20-21.01.03:913][  0]LogContentBrowser: Native class hierarchy updated for 'WidgetCarousel' in 0.0009 seconds. Added 0 classes and 0 folders.
[2018.03.20-21.01.06:476][  0]LogContentBrowser: Native class hierarchy updated for 'AddContentDialog' in 0.0023 seconds. Added 0 classes and 0 folders.
[2018.03.20-21.01.06:725][  0]LogContentBrowser: Native class hierarchy updated for 'WorldBrowser' in 0.0024 seconds. Added 2 classes and 3 folders.
[2018.03.20-21.01.06:866][  0]LogContentBrowser: Native class hierarchy updated for 'SceneOutliner' in 0.0006 seconds. Added 1 classes and 2 folders.
[2018.03.20-21.01.07:431][  0]LogSlate: Took 0.024539 seconds to synchronously load lazily loaded font '../../../Engine/Content/Slate/Fonts/Roboto-Regular.ttf' (155K)
[2018.03.20-21.01.07:458][  0]LogSlate: Took 0.020060 seconds to synchronously load lazily loaded font '../../../Engine/Content/Slate/Fonts/Roboto-Bold.ttf' (160K)
[2018.03.20-21.01.07:528][  0]LogSlate: Took 0.017701 seconds to synchronously load lazily loaded font '../../../Engine/Content/Editor/Slate/Fonts/FontAwesome.ttf' (139K)
[2018.03.20-21.01.08:242][  0]LogRenderer: Reallocating scene render targets to support 1208x576 Format 10 NumSamples 1 (Frame:1).
[2018.03.20-21.01.09:407][  0]LogContentBrowser: Native class hierarchy updated for 'HierarchicalLODOutliner' in 0.0005 seconds. Added 1 classes and 2 folders.
[2018.03.20-21.01.09:407][  0]LogLoad: (Engine Initialization) Total time: 68.42 seconds
[2018.03.20-21.01.09:407][  0]LogLoad: (Engine Initialization) Total Blueprint compile time: 0.00 seconds
[2018.03.20-21.01.09:407][  0]LogExternalProfiler: No external profilers were discovered.  External profiling features will not be available.
[2018.03.20-21.01.09:838][  0]LogContentStreaming: Texture pool size now 1000 MB
[2018.03.20-21.01.11:151][  4]LogAssetRegistry: Asset discovery search completed in 44.3973 seconds
[2018.03.20-21.01.11:158][  4]LogCollectionManager: Rebuilt the object cache for 0 collections in 0.000001 seconds (found 0 objects)
[2018.03.20-21.01.11:159][  4]LogCollectionManager: Fixed up redirectors for 0 collections in 0.000158 seconds (updated 0 objects)
[2018.03.20-21.01.14:292][ 13]LogSlate: Took 0.027244 seconds to synchronously load lazily loaded font '../../../Engine/Content/Slate/Fonts/Roboto-Light.ttf' (159K)
[2018.03.20-21.02.13:247][786]LogTemp: Executing iPhonePackager certificates Engine -bundlename com.YourCompany.BraquageDeOuf
[2018.03.20-21.02.13:247][786]LogTemp: CWD: C:\UE4\UnrealProjects\UE_4.17\Engine\Binaries\DotNET\IOS
[2018.03.20-21.02.13:247][786]LogTemp: Initial Dir: C:\UE4\UnrealProjects\UE_4.17
[2018.03.20-21.02.13:247][786]LogTemp: Env CWD: C:\UE4\UnrealProjects\UE_4.17\Engine\Binaries\DotNET\IOS
[2018.03.20-21.02.13:247][786]LogTemp: BranchPath = K104-0146/C/UE4/UnrealProjects/UE_4.17/Engine/Binaries --- GameBranchPath = K104-0146/C/UE4/UnrealProjects/UE_4.17/Engine/Binaries
[2018.03.20-21.02.13:578][792]LogTemp: IPP ERROR: Could not find provision directory 'C:\Users\e.vantorre\AppData\Local/Apple Computer/MobileDevice/Provisioning Profiles/'.
